2026-04-03 02:55:44,658 [INFO] chameleon - ============================================================
2026-04-03 02:55:44,658 [INFO] chameleon - CHAMELEON BOT - starting (USE_MOCK=False, CYCLE=600s)
2026-04-03 02:55:44,659 [INFO] chameleon - This is not a trading bot.
2026-04-03 02:55:44,659 [INFO] chameleon - This is a market-state interpreter powered by Smart Money.
2026-04-03 02:55:44,659 [INFO] chameleon - ============================================================
2026-04-03 02:55:45,269 [ERROR] nansen_client - Ś\Ŗ·éĄé╚éóāGāēü[: 'ascii' codec can't encode characters in position 0-2: ordinal not in range(128)
2026-04-03 02:55:45,274 [WARNING] nansen_client - āŖāgāēāCÆå: /smart-money/holdings
2026-04-03 02:55:45,618 [ERROR] nansen_client - Ś\Ŗ·éĄé╚éóāGāēü[: 'ascii' codec can't encode characters in position 0-2: ordinal not in range(128)
2026-04-03 02:55:45,963 [ERROR] nansen_client - Ś\Ŗ·éĄé╚éóāGāēü[: 'ascii' codec can't encode characters in position 0-2: ordinal not in range(128)
2026-04-03 02:55:45,964 [WARNING] nansen_client - āŖāgāēāCÆå: /smart-money/inflows
2026-04-03 02:55:46,314 [ERROR] nansen_client - Ś\Ŗ·éĄé╚éóāGāēü[: 'ascii' codec can't encode characters in position 0-2: ordinal not in range(128)
2026-04-03 02:55:46,657 [ERROR] nansen_client - Ś\Ŗ·éĄé╚éóāGāēü[: 'ascii' codec can't encode characters in position 0-2: ordinal not in range(128)
2026-04-03 02:55:46,658 [WARNING] nansen_client - āŖāgāēāCÆå: /smart-money/dcas
2026-04-03 02:55:47,000 [ERROR] nansen_client - Ś\Ŗ·éĄé╚éóāGāēü[: 'ascii' codec can't encode characters in position 0-2: ordinal not in range(128)
2026-04-03 02:55:47,002 [ERROR] nansen_client - āfü[ā^ÄµōŠÄĖös: SOL
2026-04-03 02:55:47,003 [INFO] chameleon - TOKEN=SOL          MODE=SLEEP   ACTION=NO ACTION CONFIDENCE=0.00
2026-04-03 02:55:47,351 [ERROR] nansen_client - Ś\Ŗ·éĄé╚éóāGāēü[: 'ascii' codec can't encode characters in position 0-2: ordinal not in range(128)
2026-04-03 02:55:47,352 [WARNING] nansen_client - āŖāgāēāCÆå: /smart-money/holdings
2026-04-03 02:55:47,701 [ERROR] nansen_client - Ś\Ŗ·éĄé╚éóāGāēü[: 'ascii' codec can't encode characters in position 0-2: ordinal not in range(128)
2026-04-03 02:55:48,049 [ERROR] nansen_client - Ś\Ŗ·éĄé╚éóāGāēü[: 'ascii' codec can't encode characters in position 0-2: ordinal not in range(128)
2026-04-03 02:55:48,050 [WARNING] nansen_client - āŖāgāēāCÆå: /smart-money/inflows
2026-04-03 02:55:48,390 [ERROR] nansen_client - Ś\Ŗ·éĄé╚éóāGāēü[: 'ascii' codec can't encode characters in position 0-2: ordinal not in range(128)
2026-04-03 02:55:48,732 [ERROR] nansen_client - Ś\Ŗ·éĄé╚éóāGāēü[: 'ascii' codec can't encode characters in position 0-2: ordinal not in range(128)
2026-04-03 02:55:48,733 [WARNING] nansen_client - āŖāgāēāCÆå: /smart-money/dcas
2026-04-03 02:55:49,073 [ERROR] nansen_client - Ś\Ŗ·éĄé╚éóāGāēü[: 'ascii' codec can't encode characters in position 0-2: ordinal not in range(128)
2026-04-03 02:55:49,075 [ERROR] nansen_client - āfü[ā^ÄµōŠÄĖös: JUP
2026-04-03 02:55:49,076 [INFO] chameleon - TOKEN=JUP          MODE=SLEEP   ACTION=NO ACTION CONFIDENCE=0.00
2026-04-03 02:55:49,417 [ERROR] nansen_client - Ś\Ŗ·éĄé╚éóāGāēü[: 'ascii' codec can't encode characters in position 0-2: ordinal not in range(128)
2026-04-03 02:55:49,418 [WARNING] nansen_client - āŖāgāēāCÆå: /smart-money/holdings
2026-04-03 02:55:49,761 [ERROR] nansen_client - Ś\Ŗ·éĄé╚éóāGāēü[: 'ascii' codec can't encode characters in position 0-2: ordinal not in range(128)
2026-04-03 02:55:50,104 [ERROR] nansen_client - Ś\Ŗ·éĄé╚éóāGāēü[: 'ascii' codec can't encode characters in position 0-2: ordinal not in range(128)
2026-04-03 02:55:50,105 [WARNING] nansen_client - āŖāgāēāCÆå: /smart-money/inflows
2026-04-03 02:55:50,451 [ERROR] nansen_client - Ś\Ŗ·éĄé╚éóāGāēü[: 'ascii' codec can't encode characters in position 0-2: ordinal not in range(128)
2026-04-03 02:55:50,794 [ERROR] nansen_client - Ś\Ŗ·éĄé╚éóāGāēü[: 'ascii' codec can't encode characters in position 0-2: ordinal not in range(128)
2026-04-03 02:55:50,795 [WARNING] nansen_client - āŖāgāēāCÆå: /smart-money/dcas
2026-04-03 02:55:51,138 [ERROR] nansen_client - Ś\Ŗ·éĄé╚éóāGāēü[: 'ascii' codec can't encode characters in position 0-2: ordinal not in range(128)
2026-04-03 02:55:51,139 [ERROR] nansen_client - āfü[ā^ÄµōŠÄĖös: BONK
2026-04-03 02:55:51,140 [INFO] chameleon - TOKEN=BONK         MODE=SLEEP   ACTION=NO ACTION CONFIDENCE=0.00
2026-04-03 02:55:51,141 [INFO] chameleon - Cycle complete. Sleeping 600s.
2026-04-03 02:59:38,329 [INFO] chameleon - ============================================================
2026-04-03 02:59:38,329 [INFO] chameleon - CHAMELEON BOT - starting (USE_MOCK=False, CYCLE=600s)
2026-04-03 02:59:38,330 [INFO] chameleon - This is not a trading bot.
2026-04-03 02:59:38,330 [INFO] chameleon - This is a market-state interpreter powered by Smart Money.
2026-04-03 02:59:38,330 [INFO] chameleon - ============================================================
2026-04-03 02:59:39,493 [INFO] httpx - HTTP Request: POST https://api.nansen.ai/api/v1/smart-money/holdings "HTTP/1.1 422 Unprocessable Entity"
2026-04-03 02:59:39,499 [ERROR] nansen_client - APIŃé©Ńā®Ńā╝ 422: {"error":"Unknown field","message":"Field 'token' is not recognized. Please check the API documentation for valid request fields."}
2026-04-03 02:59:39,500 [WARNING] nansen_client - Ńā¬ŃāłŃā®ŃéżõĖŁ: /smart-money/holdings
2026-04-03 02:59:40,291 [INFO] httpx - HTTP Request: POST https://api.nansen.ai/api/v1/smart-money/holdings "HTTP/1.1 422 Unprocessable Entity"
2026-04-03 02:59:40,294 [ERROR] nansen_client - APIŃé©Ńā®Ńā╝ 422: {"error":"Unknown field","message":"Field 'token' is not recognized. Please check the API documentation for valid request fields."}
2026-04-03 02:59:41,070 [INFO] httpx - HTTP Request: POST https://api.nansen.ai/api/v1/smart-money/inflows "HTTP/1.1 404 Not Found"
2026-04-03 02:59:41,073 [ERROR] nansen_client - APIŃé©Ńā®Ńā╝ 404: {"error":"Not Found","message":"Not Found"}
2026-04-03 02:59:41,075 [WARNING] nansen_client - Ńā¬ŃāłŃā®ŃéżõĖŁ: /smart-money/inflows
2026-04-03 02:59:41,705 [INFO] httpx - HTTP Request: POST https://api.nansen.ai/api/v1/smart-money/inflows "HTTP/1.1 404 Not Found"
2026-04-03 02:59:41,706 [ERROR] nansen_client - APIŃé©Ńā®Ńā╝ 404: {"error":"Not Found","message":"Not Found"}
2026-04-03 02:59:42,365 [INFO] httpx - HTTP Request: POST https://api.nansen.ai/api/v1/smart-money/dcas "HTTP/1.1 422 Unprocessable Entity"
2026-04-03 02:59:42,368 [ERROR] nansen_client - APIŃé©Ńā®Ńā╝ 422: {"error":"Unknown field","message":"Field 'chains' is not recognized. Please check the API documentation for valid request fields."}
2026-04-03 02:59:42,370 [WARNING] nansen_client - Ńā¬ŃāłŃā®ŃéżõĖŁ: /smart-money/dcas
2026-04-03 02:59:43,024 [INFO] httpx - HTTP Request: POST https://api.nansen.ai/api/v1/smart-money/dcas "HTTP/1.1 422 Unprocessable Entity"
2026-04-03 02:59:43,024 [ERROR] nansen_client - APIŃé©Ńā®Ńā╝ 422: {"error":"Unknown field","message":"Field 'chains' is not recognized. Please check the API documentation for valid request fields."}
2026-04-03 02:59:43,025 [ERROR] nansen_client - ŃāćŃā╝Ńé┐ÕÅ¢ÕŠŚÕż▒µĢŚ: SOL
2026-04-03 02:59:43,026 [INFO] chameleon - TOKEN=SOL          MODE=SLEEP   ACTION=NO ACTION CONFIDENCE=0.00
2026-04-03 02:59:43,657 [INFO] httpx - HTTP Request: POST https://api.nansen.ai/api/v1/smart-money/holdings "HTTP/1.1 422 Unprocessable Entity"
2026-04-03 02:59:43,658 [ERROR] nansen_client - APIŃé©Ńā®Ńā╝ 422: {"error":"Unknown field","message":"Field 'token' is not recognized. Please check the API documentation for valid request fields."}
2026-04-03 02:59:43,659 [WARNING] nansen_client - Ńā¬ŃāłŃā®ŃéżõĖŁ: /smart-money/holdings
2026-04-03 02:59:44,289 [INFO] httpx - HTTP Request: POST https://api.nansen.ai/api/v1/smart-money/holdings "HTTP/1.1 422 Unprocessable Entity"
2026-04-03 02:59:44,290 [ERROR] nansen_client - APIŃé©Ńā®Ńā╝ 422: {"error":"Unknown field","message":"Field 'token' is not recognized. Please check the API documentation for valid request fields."}
2026-04-03 02:59:44,911 [INFO] httpx - HTTP Request: POST https://api.nansen.ai/api/v1/smart-money/inflows "HTTP/1.1 404 Not Found"
2026-04-03 02:59:44,912 [ERROR] nansen_client - APIŃé©Ńā®Ńā╝ 404: {"error":"Not Found","message":"Not Found"}
2026-04-03 02:59:44,912 [WARNING] nansen_client - Ńā¬ŃāłŃā®ŃéżõĖŁ: /smart-money/inflows
2026-04-03 02:59:45,529 [INFO] httpx - HTTP Request: POST https://api.nansen.ai/api/v1/smart-money/inflows "HTTP/1.1 404 Not Found"
2026-04-03 02:59:45,531 [ERROR] nansen_client - APIŃé©Ńā®Ńā╝ 404: {"error":"Not Found","message":"Not Found"}
2026-04-03 02:59:46,156 [INFO] httpx - HTTP Request: POST https://api.nansen.ai/api/v1/smart-money/dcas "HTTP/1.1 422 Unprocessable Entity"
2026-04-03 02:59:46,156 [ERROR] nansen_client - APIŃé©Ńā®Ńā╝ 422: {"error":"Unknown field","message":"Field 'chains' is not recognized. Please check the API documentation for valid request fields."}
2026-04-03 02:59:46,157 [WARNING] nansen_client - Ńā¬ŃāłŃā®ŃéżõĖŁ: /smart-money/dcas
2026-04-03 02:59:46,813 [INFO] httpx - HTTP Request: POST https://api.nansen.ai/api/v1/smart-money/dcas "HTTP/1.1 422 Unprocessable Entity"
2026-04-03 02:59:46,816 [ERROR] nansen_client - APIŃé©Ńā®Ńā╝ 422: {"error":"Unknown field","message":"Field 'chains' is not recognized. Please check the API documentation for valid request fields."}
2026-04-03 02:59:46,817 [ERROR] nansen_client - ŃāćŃā╝Ńé┐ÕÅ¢ÕŠŚÕż▒µĢŚ: JUP
2026-04-03 02:59:46,822 [INFO] chameleon - TOKEN=JUP          MODE=SLEEP   ACTION=NO ACTION CONFIDENCE=0.00
2026-04-03 02:59:47,475 [INFO] httpx - HTTP Request: POST https://api.nansen.ai/api/v1/smart-money/holdings "HTTP/1.1 422 Unprocessable Entity"
2026-04-03 02:59:47,477 [ERROR] nansen_client - APIŃé©Ńā®Ńā╝ 422: {"error":"Unknown field","message":"Field 'token' is not recognized. Please check the API documentation for valid request fields."}
2026-04-03 02:59:47,478 [WARNING] nansen_client - Ńā¬ŃāłŃā®ŃéżõĖŁ: /smart-money/holdings
2026-04-03 02:59:48,136 [INFO] httpx - HTTP Request: POST https://api.nansen.ai/api/v1/smart-money/holdings "HTTP/1.1 422 Unprocessable Entity"
2026-04-03 02:59:48,136 [ERROR] nansen_client - APIŃé©Ńā®Ńā╝ 422: {"error":"Unknown field","message":"Field 'token' is not recognized. Please check the API documentation for valid request fields."}
2026-04-03 02:59:48,755 [INFO] httpx - HTTP Request: POST https://api.nansen.ai/api/v1/smart-money/inflows "HTTP/1.1 404 Not Found"
2026-04-03 02:59:48,756 [ERROR] nansen_client - APIŃé©Ńā®Ńā╝ 404: {"error":"Not Found","message":"Not Found"}
2026-04-03 02:59:48,756 [WARNING] nansen_client - Ńā¬ŃāłŃā®ŃéżõĖŁ: /smart-money/inflows
2026-04-03 02:59:49,389 [INFO] httpx - HTTP Request: POST https://api.nansen.ai/api/v1/smart-money/inflows "HTTP/1.1 404 Not Found"
2026-04-03 02:59:49,391 [ERROR] nansen_client - APIŃé©Ńā®Ńā╝ 404: {"error":"Not Found","message":"Not Found"}
2026-04-03 02:59:49,997 [INFO] httpx - HTTP Request: POST https://api.nansen.ai/api/v1/smart-money/dcas "HTTP/1.1 422 Unprocessable Entity"
2026-04-03 02:59:49,997 [ERROR] nansen_client - APIŃé©Ńā®Ńā╝ 422: {"error":"Unknown field","message":"Field 'chains' is not recognized. Please check the API documentation for valid request fields."}
2026-04-03 02:59:49,998 [WARNING] nansen_client - Ńā¬ŃāłŃā®ŃéżõĖŁ: /smart-money/dcas
2026-04-03 02:59:50,626 [INFO] httpx - HTTP Request: POST https://api.nansen.ai/api/v1/smart-money/dcas "HTTP/1.1 422 Unprocessable Entity"
2026-04-03 02:59:50,629 [ERROR] nansen_client - APIŃé©Ńā®Ńā╝ 422: {"error":"Unknown field","message":"Field 'chains' is not recognized. Please check the API documentation for valid request fields."}
2026-04-03 02:59:50,630 [ERROR] nansen_client - ŃāćŃā╝Ńé┐ÕÅ¢ÕŠŚÕż▒µĢŚ: BONK
2026-04-03 02:59:50,634 [INFO] chameleon - TOKEN=BONK         MODE=SLEEP   ACTION=NO ACTION CONFIDENCE=0.00
2026-04-03 02:59:50,634 [INFO] chameleon - Cycle complete. Sleeping 600s.
2026-04-03 03:00:57,603 [INFO] chameleon - ============================================================
2026-04-03 03:00:57,604 [INFO] chameleon - CHAMELEON BOT - starting (USE_MOCK=False, CYCLE=600s)
2026-04-03 03:00:57,604 [INFO] chameleon - This is not a trading bot.
2026-04-03 03:00:57,605 [INFO] chameleon - This is a market-state interpreter powered by Smart Money.
2026-04-03 03:00:57,605 [INFO] chameleon - ============================================================
2026-04-03 03:00:58,310 [INFO] httpx - HTTP Request: POST https://api.nansen.ai/api/v1/smart-money/holdings "HTTP/1.1 422 Unprocessable Entity"
2026-04-03 03:00:58,312 [ERROR] nansen_client - APIŃé©Ńā®Ńā╝ 422: {"error":"Unknown field","message":"Field 'token' is not recognized. Please check the API documentation for valid request fields."}
2026-04-03 03:00:58,314 [WARNING] nansen_client - Ńā¬ŃāłŃā®ŃéżõĖŁ: /smart-money/holdings
2026-04-03 03:00:58,953 [INFO] httpx - HTTP Request: POST https://api.nansen.ai/api/v1/smart-money/holdings "HTTP/1.1 422 Unprocessable Entity"
2026-04-03 03:00:58,955 [ERROR] nansen_client - APIŃé©Ńā®Ńā╝ 422: {"error":"Unknown field","message":"Field 'token' is not recognized. Please check the API documentation for valid request fields."}
2026-04-03 03:00:59,620 [INFO] httpx - HTTP Request: POST https://api.nansen.ai/api/v1/smart-money/inflows "HTTP/1.1 404 Not Found"
2026-04-03 03:00:59,622 [ERROR] nansen_client - APIŃé©Ńā®Ńā╝ 404: {"error":"Not Found","message":"Not Found"}
2026-04-03 03:00:59,623 [WARNING] nansen_client - Ńā¬ŃāłŃā®ŃéżõĖŁ: /smart-money/inflows
2026-04-03 03:01:00,287 [INFO] httpx - HTTP Request: POST https://api.nansen.ai/api/v1/smart-money/inflows "HTTP/1.1 404 Not Found"
2026-04-03 03:01:00,289 [ERROR] nansen_client - APIŃé©Ńā®Ńā╝ 404: {"error":"Not Found","message":"Not Found"}
2026-04-03 03:01:00,936 [INFO] httpx - HTTP Request: POST https://api.nansen.ai/api/v1/smart-money/dcas "HTTP/1.1 422 Unprocessable Entity"
2026-04-03 03:01:00,938 [ERROR] nansen_client - APIŃé©Ńā®Ńā╝ 422: {"error":"Unknown field","message":"Field 'chains' is not recognized. Please check the API documentation for valid request fields."}
2026-04-03 03:01:00,939 [WARNING] nansen_client - Ńā¬ŃāłŃā®ŃéżõĖŁ: /smart-money/dcas
2026-04-03 03:01:01,605 [INFO] httpx - HTTP Request: POST https://api.nansen.ai/api/v1/smart-money/dcas "HTTP/1.1 422 Unprocessable Entity"
2026-04-03 03:01:01,608 [ERROR] nansen_client - APIŃé©Ńā®Ńā╝ 422: {"error":"Unknown field","message":"Field 'chains' is not recognized. Please check the API documentation for valid request fields."}
2026-04-03 03:01:01,612 [ERROR] nansen_client - ŃāćŃā╝Ńé┐ÕÅ¢ÕŠŚÕż▒µĢŚ: SOL
2026-04-03 03:01:01,613 [INFO] chameleon - TOKEN=SOL          MODE=SLEEP   ACTION=NO ACTION CONFIDENCE=0.00
2026-04-03 03:01:02,245 [INFO] httpx - HTTP Request: POST https://api.nansen.ai/api/v1/smart-money/holdings "HTTP/1.1 422 Unprocessable Entity"
2026-04-03 03:01:02,246 [ERROR] nansen_client - APIŃé©Ńā®Ńā╝ 422: {"error":"Unknown field","message":"Field 'token' is not recognized. Please check the API documentation for valid request fields."}
2026-04-03 03:01:02,247 [WARNING] nansen_client - Ńā¬ŃāłŃā®ŃéżõĖŁ: /smart-money/holdings
2026-04-03 03:01:02,877 [INFO] httpx - HTTP Request: POST https://api.nansen.ai/api/v1/smart-money/holdings "HTTP/1.1 422 Unprocessable Entity"
2026-04-03 03:01:02,879 [ERROR] nansen_client - APIŃé©Ńā®Ńā╝ 422: {"error":"Unknown field","message":"Field 'token' is not recognized. Please check the API documentation for valid request fields."}
2026-04-03 03:01:03,500 [INFO] httpx - HTTP Request: POST https://api.nansen.ai/api/v1/smart-money/inflows "HTTP/1.1 404 Not Found"
2026-04-03 03:01:03,501 [ERROR] nansen_client - APIŃé©Ńā®Ńā╝ 404: {"error":"Not Found","message":"Not Found"}
2026-04-03 03:01:03,502 [WARNING] nansen_client - Ńā¬ŃāłŃā®ŃéżõĖŁ: /smart-money/inflows
2026-04-03 03:01:04,125 [INFO] httpx - HTTP Request: POST https://api.nansen.ai/api/v1/smart-money/inflows "HTTP/1.1 404 Not Found"
2026-04-03 03:01:04,126 [ERROR] nansen_client - APIŃé©Ńā®Ńā╝ 404: {"error":"Not Found","message":"Not Found"}
2026-04-03 03:01:04,747 [INFO] httpx - HTTP Request: POST https://api.nansen.ai/api/v1/smart-money/dcas "HTTP/1.1 422 Unprocessable Entity"
2026-04-03 03:01:04,748 [ERROR] nansen_client - APIŃé©Ńā®Ńā╝ 422: {"error":"Unknown field","message":"Field 'chains' is not recognized. Please check the API documentation for valid request fields."}
2026-04-03 03:01:04,749 [WARNING] nansen_client - Ńā¬ŃāłŃā®ŃéżõĖŁ: /smart-money/dcas
2026-04-03 03:01:05,382 [INFO] httpx - HTTP Request: POST https://api.nansen.ai/api/v1/smart-money/dcas "HTTP/1.1 422 Unprocessable Entity"
2026-04-03 03:01:05,384 [ERROR] nansen_client - APIŃé©Ńā®Ńā╝ 422: {"error":"Unknown field","message":"Field 'chains' is not recognized. Please check the API documentation for valid request fields."}
2026-04-03 03:01:05,389 [ERROR] nansen_client - ŃāćŃā╝Ńé┐ÕÅ¢ÕŠŚÕż▒µĢŚ: JUP
2026-04-03 03:01:05,393 [INFO] chameleon - TOKEN=JUP          MODE=SLEEP   ACTION=NO ACTION CONFIDENCE=0.00
2026-04-03 03:01:06,016 [INFO] httpx - HTTP Request: POST https://api.nansen.ai/api/v1/smart-money/holdings "HTTP/1.1 422 Unprocessable Entity"
2026-04-03 03:01:06,016 [ERROR] nansen_client - APIŃé©Ńā®Ńā╝ 422: {"error":"Unknown field","message":"Field 'token' is not recognized. Please check the API documentation for valid request fields."}
2026-04-03 03:01:06,017 [WARNING] nansen_client - Ńā¬ŃāłŃā®ŃéżõĖŁ: /smart-money/holdings
2026-04-03 03:01:06,626 [INFO] httpx - HTTP Request: POST https://api.nansen.ai/api/v1/smart-money/holdings "HTTP/1.1 422 Unprocessable Entity"
2026-04-03 03:01:06,626 [ERROR] nansen_client - APIŃé©Ńā®Ńā╝ 422: {"error":"Unknown field","message":"Field 'token' is not recognized. Please check the API documentation for valid request fields."}
2026-04-03 03:01:07,231 [INFO] httpx - HTTP Request: POST https://api.nansen.ai/api/v1/smart-money/inflows "HTTP/1.1 404 Not Found"
2026-04-03 03:01:07,232 [ERROR] nansen_client - APIŃé©Ńā®Ńā╝ 404: {"error":"Not Found","message":"Not Found"}
2026-04-03 03:01:07,232 [WARNING] nansen_client - Ńā¬ŃāłŃā®ŃéżõĖŁ: /smart-money/inflows
2026-04-03 03:01:07,899 [INFO] httpx - HTTP Request: POST https://api.nansen.ai/api/v1/smart-money/inflows "HTTP/1.1 404 Not Found"
2026-04-03 03:01:07,900 [ERROR] nansen_client - APIŃé©Ńā®Ńā╝ 404: {"error":"Not Found","message":"Not Found"}
2026-04-03 03:01:08,538 [INFO] httpx - HTTP Request: POST https://api.nansen.ai/api/v1/smart-money/dcas "HTTP/1.1 422 Unprocessable Entity"
2026-04-03 03:01:08,538 [ERROR] nansen_client - APIŃé©Ńā®Ńā╝ 422: {"error":"Unknown field","message":"Field 'chains' is not recognized. Please check the API documentation for valid request fields."}
2026-04-03 03:01:08,539 [WARNING] nansen_client - Ńā¬ŃāłŃā®ŃéżõĖŁ: /smart-money/dcas
2026-04-03 03:01:09,185 [INFO] httpx - HTTP Request: POST https://api.nansen.ai/api/v1/smart-money/dcas "HTTP/1.1 422 Unprocessable Entity"
2026-04-03 03:01:09,186 [ERROR] nansen_client - APIŃé©Ńā®Ńā╝ 422: {"error":"Unknown field","message":"Field 'chains' is not recognized. Please check the API documentation for valid request fields."}
2026-04-03 03:01:09,187 [ERROR] nansen_client - ŃāćŃā╝Ńé┐ÕÅ¢ÕŠŚÕż▒µĢŚ: BONK
2026-04-03 03:01:09,191 [INFO] chameleon - TOKEN=BONK         MODE=SLEEP   ACTION=NO ACTION CONFIDENCE=0.00
2026-04-03 03:01:09,192 [INFO] chameleon - Cycle complete. Sleeping 600s.
2026-04-03 03:02:51,664 [INFO] chameleon - ============================================================
2026-04-03 03:02:51,664 [INFO] chameleon - CHAMELEON BOT - starting (USE_MOCK=False, CYCLE=600s)
2026-04-03 03:02:51,665 [INFO] chameleon - This is not a trading bot.
2026-04-03 03:02:51,665 [INFO] chameleon - This is a market-state interpreter powered by Smart Money.
2026-04-03 03:02:51,665 [INFO] chameleon - ============================================================
2026-04-03 03:02:52,378 [INFO] httpx - HTTP Request: POST https://api.nansen.ai/api/v1/smart-money/holdings "HTTP/1.1 422 Unprocessable Entity"
2026-04-03 03:02:52,381 [ERROR] nansen_client - APIŃé©Ńā®Ńā╝ 422: {"error":"Unknown field","message":"Field 'token' is not recognized. Please check the API documentation for valid request fields."}
2026-04-03 03:02:52,383 [WARNING] nansen_client - Ńā¬ŃāłŃā®ŃéżõĖŁ: /smart-money/holdings
2026-04-03 03:02:53,024 [INFO] httpx - HTTP Request: POST https://api.nansen.ai/api/v1/smart-money/holdings "HTTP/1.1 422 Unprocessable Entity"
2026-04-03 03:02:53,027 [ERROR] nansen_client - APIŃé©Ńā®Ńā╝ 422: {"error":"Unknown field","message":"Field 'token' is not recognized. Please check the API documentation for valid request fields."}
2026-04-03 03:02:53,666 [INFO] httpx - HTTP Request: POST https://api.nansen.ai/api/v1/smart-money/inflows "HTTP/1.1 404 Not Found"
2026-04-03 03:02:53,668 [ERROR] nansen_client - APIŃé©Ńā®Ńā╝ 404: {"error":"Not Found","message":"Not Found"}
2026-04-03 03:02:53,669 [WARNING] nansen_client - Ńā¬ŃāłŃā®ŃéżõĖŁ: /smart-money/inflows
2026-04-03 03:02:54,290 [INFO] httpx - HTTP Request: POST https://api.nansen.ai/api/v1/smart-money/inflows "HTTP/1.1 404 Not Found"
2026-04-03 03:02:54,291 [ERROR] nansen_client - APIŃé©Ńā®Ńā╝ 404: {"error":"Not Found","message":"Not Found"}
2026-04-03 03:02:54,927 [INFO] httpx - HTTP Request: POST https://api.nansen.ai/api/v1/smart-money/dcas "HTTP/1.1 422 Unprocessable Entity"
2026-04-03 03:02:54,930 [ERROR] nansen_client - APIŃé©Ńā®Ńā╝ 422: {"error":"Unknown field","message":"Field 'chains' is not recognized. Please check the API documentation for valid request fields."}
2026-04-03 03:02:54,930 [WARNING] nansen_client - Ńā¬ŃāłŃā®ŃéżõĖŁ: /smart-money/dcas
2026-04-03 03:02:55,576 [INFO] httpx - HTTP Request: POST https://api.nansen.ai/api/v1/smart-money/dcas "HTTP/1.1 422 Unprocessable Entity"
2026-04-03 03:02:55,579 [ERROR] nansen_client - APIŃé©Ńā®Ńā╝ 422: {"error":"Unknown field","message":"Field 'chains' is not recognized. Please check the API documentation for valid request fields."}
2026-04-03 03:02:55,582 [ERROR] nansen_client - ŃāćŃā╝Ńé┐ÕÅ¢ÕŠŚÕż▒µĢŚ: SOL
2026-04-03 03:02:55,589 [INFO] chameleon - TOKEN=SOL          MODE=SLEEP   ACTION=NO ACTION CONFIDENCE=0.00
2026-04-03 03:02:56,201 [INFO] httpx - HTTP Request: POST https://api.nansen.ai/api/v1/smart-money/holdings "HTTP/1.1 422 Unprocessable Entity"
2026-04-03 03:02:56,201 [ERROR] nansen_client - APIŃé©Ńā®Ńā╝ 422: {"error":"Unknown field","message":"Field 'token' is not recognized. Please check the API documentation for valid request fields."}
2026-04-03 03:02:56,202 [WARNING] nansen_client - Ńā¬ŃāłŃā®ŃéżõĖŁ: /smart-money/holdings
2026-04-03 03:02:56,819 [INFO] httpx - HTTP Request: POST https://api.nansen.ai/api/v1/smart-money/holdings "HTTP/1.1 422 Unprocessable Entity"
2026-04-03 03:02:56,819 [ERROR] nansen_client - APIŃé©Ńā®Ńā╝ 422: {"error":"Unknown field","message":"Field 'token' is not recognized. Please check the API documentation for valid request fields."}
2026-04-03 03:02:57,451 [INFO] httpx - HTTP Request: POST https://api.nansen.ai/api/v1/smart-money/inflows "HTTP/1.1 404 Not Found"
2026-04-03 03:02:57,452 [ERROR] nansen_client - APIŃé©Ńā®Ńā╝ 404: {"error":"Not Found","message":"Not Found"}
2026-04-03 03:02:57,453 [WARNING] nansen_client - Ńā¬ŃāłŃā®ŃéżõĖŁ: /smart-money/inflows
2026-04-03 03:02:58,056 [INFO] httpx - HTTP Request: POST https://api.nansen.ai/api/v1/smart-money/inflows "HTTP/1.1 404 Not Found"
2026-04-03 03:02:58,058 [ERROR] nansen_client - APIŃé©Ńā®Ńā╝ 404: {"error":"Not Found","message":"Not Found"}
2026-04-03 03:02:58,723 [INFO] httpx - HTTP Request: POST https://api.nansen.ai/api/v1/smart-money/dcas "HTTP/1.1 422 Unprocessable Entity"
2026-04-03 03:02:58,724 [ERROR] nansen_client - APIŃé©Ńā®Ńā╝ 422: {"error":"Unknown field","message":"Field 'chains' is not recognized. Please check the API documentation for valid request fields."}
2026-04-03 03:02:58,724 [WARNING] nansen_client - Ńā¬ŃāłŃā®ŃéżõĖŁ: /smart-money/dcas
2026-04-03 03:02:59,327 [INFO] httpx - HTTP Request: POST https://api.nansen.ai/api/v1/smart-money/dcas "HTTP/1.1 422 Unprocessable Entity"
2026-04-03 03:02:59,329 [ERROR] nansen_client - APIŃé©Ńā®Ńā╝ 422: {"error":"Unknown field","message":"Field 'chains' is not recognized. Please check the API documentation for valid request fields."}
2026-04-03 03:02:59,331 [ERROR] nansen_client - ŃāćŃā╝Ńé┐ÕÅ¢ÕŠŚÕż▒µĢŚ: JUP
2026-04-03 03:02:59,335 [INFO] chameleon - TOKEN=JUP          MODE=SLEEP   ACTION=NO ACTION CONFIDENCE=0.00
2026-04-03 03:02:59,948 [INFO] httpx - HTTP Request: POST https://api.nansen.ai/api/v1/smart-money/holdings "HTTP/1.1 422 Unprocessable Entity"
2026-04-03 03:02:59,948 [ERROR] nansen_client - APIŃé©Ńā®Ńā╝ 422: {"error":"Unknown field","message":"Field 'token' is not recognized. Please check the API documentation for valid request fields."}
2026-04-03 03:02:59,949 [WARNING] nansen_client - Ńā¬ŃāłŃā®ŃéżõĖŁ: /smart-money/holdings
2026-04-03 03:03:00,577 [INFO] httpx - HTTP Request: POST https://api.nansen.ai/api/v1/smart-money/holdings "HTTP/1.1 422 Unprocessable Entity"
2026-04-03 03:03:00,579 [ERROR] nansen_client - APIŃé©Ńā®Ńā╝ 422: {"error":"Unknown field","message":"Field 'token' is not recognized. Please check the API documentation for valid request fields."}
2026-04-03 03:03:01,213 [INFO] httpx - HTTP Request: POST https://api.nansen.ai/api/v1/smart-money/inflows "HTTP/1.1 404 Not Found"
2026-04-03 03:03:01,214 [ERROR] nansen_client - APIŃé©Ńā®Ńā╝ 404: {"error":"Not Found","message":"Not Found"}
2026-04-03 03:03:01,214 [WARNING] nansen_client - Ńā¬ŃāłŃā®ŃéżõĖŁ: /smart-money/inflows
2026-04-03 03:03:01,836 [INFO] httpx - HTTP Request: POST https://api.nansen.ai/api/v1/smart-money/inflows "HTTP/1.1 404 Not Found"
2026-04-03 03:03:01,838 [ERROR] nansen_client - APIŃé©Ńā®Ńā╝ 404: {"error":"Not Found","message":"Not Found"}
2026-04-03 03:03:02,496 [INFO] httpx - HTTP Request: POST https://api.nansen.ai/api/v1/smart-money/dcas "HTTP/1.1 422 Unprocessable Entity"
2026-04-03 03:03:02,496 [ERROR] nansen_client - APIŃé©Ńā®Ńā╝ 422: {"error":"Unknown field","message":"Field 'chains' is not recognized. Please check the API documentation for valid request fields."}
2026-04-03 03:03:02,497 [WARNING] nansen_client - Ńā¬ŃāłŃā®ŃéżõĖŁ: /smart-money/dcas
2026-04-03 03:03:03,116 [INFO] httpx - HTTP Request: POST https://api.nansen.ai/api/v1/smart-money/dcas "HTTP/1.1 422 Unprocessable Entity"
2026-04-03 03:03:03,118 [ERROR] nansen_client - APIŃé©Ńā®Ńā╝ 422: {"error":"Unknown field","message":"Field 'chains' is not recognized. Please check the API documentation for valid request fields."}
2026-04-03 03:03:03,119 [ERROR] nansen_client - ŃāćŃā╝Ńé┐ÕÅ¢ÕŠŚÕż▒µĢŚ: BONK
2026-04-03 03:03:03,124 [INFO] chameleon - TOKEN=BONK         MODE=SLEEP   ACTION=NO ACTION CONFIDENCE=0.00
2026-04-03 03:03:03,124 [INFO] chameleon - Cycle complete. Sleeping 600s.
2026-04-03 03:07:56,200 [INFO] chameleon - ============================================================
2026-04-03 03:07:56,200 [INFO] chameleon - CHAMELEON BOT - starting (USE_MOCK=False, CYCLE=600s)
2026-04-03 03:07:56,200 [INFO] chameleon - This is not a trading bot.
2026-04-03 03:07:56,201 [INFO] chameleon - This is a market-state interpreter powered by Smart Money.
2026-04-03 03:07:56,201 [INFO] chameleon - ============================================================
2026-04-03 03:07:56,945 [INFO] httpx - HTTP Request: POST https://api.nansen.ai/api/v1/smart-money/holdings "HTTP/1.1 422 Unprocessable Entity"
2026-04-03 03:07:56,946 [ERROR] nansen_client - API error 422: {"error":"Invalid input","message":"Invalid value for 'body -> filters -> token_address'. Please check your input and try again."}
2026-04-03 03:07:56,946 [WARNING] nansen_client - Retrying: /smart-money/holdings
2026-04-03 03:07:57,602 [INFO] httpx - HTTP Request: POST https://api.nansen.ai/api/v1/smart-money/holdings "HTTP/1.1 422 Unprocessable Entity"
2026-04-03 03:07:57,602 [ERROR] nansen_client - API error 422: {"error":"Invalid input","message":"Invalid value for 'body -> filters -> token_address'. Please check your input and try again."}
2026-04-03 03:07:58,250 [INFO] httpx - HTTP Request: POST https://api.nansen.ai/api/v1/smart-money/netflow "HTTP/1.1 422 Unprocessable Entity"
2026-04-03 03:07:58,253 [ERROR] nansen_client - API error 422: {"error":"Invalid input","message":"Invalid value for 'body -> filters -> token_address'. Please check your input and try again."}
2026-04-03 03:07:58,254 [WARNING] nansen_client - Retrying: /smart-money/netflow
2026-04-03 03:07:58,876 [INFO] httpx - HTTP Request: POST https://api.nansen.ai/api/v1/smart-money/netflow "HTTP/1.1 422 Unprocessable Entity"
2026-04-03 03:07:58,877 [ERROR] nansen_client - API error 422: {"error":"Invalid input","message":"Invalid value for 'body -> filters -> token_address'. Please check your input and try again."}
2026-04-03 03:07:59,504 [INFO] httpx - HTTP Request: POST https://api.nansen.ai/api/v1/smart-money/dcas "HTTP/1.1 422 Unprocessable Entity"
2026-04-03 03:07:59,505 [ERROR] nansen_client - API error 422: {"error":"Unknown field","message":"Field 'output_token_address' is not recognized. Please check the API documentation for valid request fields."}
2026-04-03 03:07:59,505 [WARNING] nansen_client - Retrying: /smart-money/dcas
2026-04-03 03:08:00,143 [INFO] httpx - HTTP Request: POST https://api.nansen.ai/api/v1/smart-money/dcas "HTTP/1.1 422 Unprocessable Entity"
2026-04-03 03:08:00,146 [ERROR] nansen_client - API error 422: {"error":"Unknown field","message":"Field 'output_token_address' is not recognized. Please check the API documentation for valid request fields."}
2026-04-03 03:08:00,147 [ERROR] nansen_client - Data fetch failed for: SOL
2026-04-03 03:08:00,152 [INFO] chameleon - TOKEN=SOL          MODE=SLEEP   ACTION=NO ACTION CONFIDENCE=0.00
2026-04-03 03:08:00,789 [INFO] httpx - HTTP Request: POST https://api.nansen.ai/api/v1/smart-money/holdings "HTTP/1.1 422 Unprocessable Entity"
2026-04-03 03:08:00,791 [ERROR] nansen_client - API error 422: {"error":"Invalid input","message":"Invalid value for 'body -> filters -> token_address'. Please check your input and try again."}
2026-04-03 03:08:00,794 [WARNING] nansen_client - Retrying: /smart-money/holdings
2026-04-03 03:08:01,448 [INFO] httpx - HTTP Request: POST https://api.nansen.ai/api/v1/smart-money/holdings "HTTP/1.1 422 Unprocessable Entity"
2026-04-03 03:08:01,448 [ERROR] nansen_client - API error 422: {"error":"Invalid input","message":"Invalid value for 'body -> filters -> token_address'. Please check your input and try again."}
2026-04-03 03:08:02,507 [INFO] httpx - HTTP Request: POST https://api.nansen.ai/api/v1/smart-money/netflow "HTTP/1.1 422 Unprocessable Entity"
2026-04-03 03:08:02,508 [ERROR] nansen_client - API error 422: {"error":"Invalid input","message":"Invalid value for 'body -> filters -> token_address'. Please check your input and try again."}
2026-04-03 03:08:02,508 [WARNING] nansen_client - Retrying: /smart-money/netflow
2026-04-03 03:08:03,129 [INFO] httpx - HTTP Request: POST https://api.nansen.ai/api/v1/smart-money/netflow "HTTP/1.1 422 Unprocessable Entity"
2026-04-03 03:08:03,131 [ERROR] nansen_client - API error 422: {"error":"Invalid input","message":"Invalid value for 'body -> filters -> token_address'. Please check your input and try again."}
2026-04-03 03:08:03,965 [INFO] httpx - HTTP Request: POST https://api.nansen.ai/api/v1/smart-money/dcas "HTTP/1.1 422 Unprocessable Entity"
2026-04-03 03:08:03,967 [ERROR] nansen_client - API error 422: {"error":"Unknown field","message":"Field 'output_token_address' is not recognized. Please check the API documentation for valid request fields."}
2026-04-03 03:08:03,968 [WARNING] nansen_client - Retrying: /smart-money/dcas
2026-04-03 03:08:04,613 [INFO] httpx - HTTP Request: POST https://api.nansen.ai/api/v1/smart-money/dcas "HTTP/1.1 422 Unprocessable Entity"
2026-04-03 03:08:04,615 [ERROR] nansen_client - API error 422: {"error":"Unknown field","message":"Field 'output_token_address' is not recognized. Please check the API documentation for valid request fields."}
2026-04-03 03:08:04,616 [ERROR] nansen_client - Data fetch failed for: JUP
2026-04-03 03:08:04,621 [INFO] chameleon - TOKEN=JUP          MODE=SLEEP   ACTION=NO ACTION CONFIDENCE=0.00
2026-04-03 03:08:05,259 [INFO] httpx - HTTP Request: POST https://api.nansen.ai/api/v1/smart-money/holdings "HTTP/1.1 422 Unprocessable Entity"
2026-04-03 03:08:05,261 [ERROR] nansen_client - API error 422: {"error":"Invalid input","message":"Invalid value for 'body -> filters -> token_address'. Please check your input and try again."}
2026-04-03 03:08:05,264 [WARNING] nansen_client - Retrying: /smart-money/holdings
2026-04-03 03:08:05,909 [INFO] httpx - HTTP Request: POST https://api.nansen.ai/api/v1/smart-money/holdings "HTTP/1.1 422 Unprocessable Entity"
2026-04-03 03:08:05,911 [ERROR] nansen_client - API error 422: {"error":"Invalid input","message":"Invalid value for 'body -> filters -> token_address'. Please check your input and try again."}
2026-04-03 03:08:06,550 [INFO] httpx - HTTP Request: POST https://api.nansen.ai/api/v1/smart-money/netflow "HTTP/1.1 422 Unprocessable Entity"
2026-04-03 03:08:06,551 [ERROR] nansen_client - API error 422: {"error":"Invalid input","message":"Invalid value for 'body -> filters -> token_address'. Please check your input and try again."}
2026-04-03 03:08:06,552 [WARNING] nansen_client - Retrying: /smart-money/netflow
2026-04-03 03:08:07,202 [INFO] httpx - HTTP Request: POST https://api.nansen.ai/api/v1/smart-money/netflow "HTTP/1.1 422 Unprocessable Entity"
2026-04-03 03:08:07,203 [ERROR] nansen_client - API error 422: {"error":"Invalid input","message":"Invalid value for 'body -> filters -> token_address'. Please check your input and try again."}
2026-04-03 03:08:07,960 [INFO] httpx - HTTP Request: POST https://api.nansen.ai/api/v1/smart-money/dcas "HTTP/1.1 422 Unprocessable Entity"
2026-04-03 03:08:07,962 [ERROR] nansen_client - API error 422: {"error":"Unknown field","message":"Field 'output_token_address' is not recognized. Please check the API documentation for valid request fields."}
2026-04-03 03:08:07,963 [WARNING] nansen_client - Retrying: /smart-money/dcas
2026-04-03 03:08:08,600 [INFO] httpx - HTTP Request: POST https://api.nansen.ai/api/v1/smart-money/dcas "HTTP/1.1 422 Unprocessable Entity"
2026-04-03 03:08:08,603 [ERROR] nansen_client - API error 422: {"error":"Unknown field","message":"Field 'output_token_address' is not recognized. Please check the API documentation for valid request fields."}
2026-04-03 03:08:08,604 [ERROR] nansen_client - Data fetch failed for: BONK
2026-04-03 03:08:08,608 [INFO] chameleon - TOKEN=BONK         MODE=SLEEP   ACTION=NO ACTION CONFIDENCE=0.00
2026-04-03 03:08:08,609 [INFO] chameleon - Cycle complete. Sleeping 600s.
2026-04-03 05:37:25,632 [INFO] chameleon - ============================================================
2026-04-03 05:37:25,633 [INFO] chameleon - CHAMELEON BOT - starting (USE_MOCK=False, CYCLE=600s)
2026-04-03 05:37:25,633 [INFO] chameleon - This is not a trading bot.
2026-04-03 05:37:25,633 [INFO] chameleon - This is a market-state interpreter powered by Smart Money.
2026-04-03 05:37:25,633 [INFO] chameleon - ============================================================
2026-04-03 05:37:25,633 [ERROR] nansen_client - NANSEN_API_KEY is not set
2026-04-03 05:37:25,634 [INFO] chameleon - TOKEN=So11111111111111111111111111111111111111112 MODE=SLEEP   ACTION=NO ACTION CONFIDENCE=0.00
2026-04-03 05:37:25,634 [ERROR] nansen_client - NANSEN_API_KEY is not set
2026-04-03 05:37:25,635 [INFO] chameleon - TOKEN=JUPyiwrYJFskUPiHa7hkeR8VUtAeFoSYbKedZNsDvCN MODE=SLEEP   ACTION=NO ACTION CONFIDENCE=0.00
2026-04-03 05:37:25,635 [ERROR] nansen_client - NANSEN_API_KEY is not set
2026-04-03 05:37:25,635 [INFO] chameleon - TOKEN=DezXAZ8z7PnrnRJjz3wXBoRgixCa6xjnB7YaB1pPB263 MODE=SLEEP   ACTION=NO ACTION CONFIDENCE=0.00
2026-04-03 05:37:25,636 [INFO] chameleon - Cycle complete. Sleeping 600s.
2026-04-03 05:38:43,793 [INFO] chameleon - ============================================================
2026-04-03 05:38:43,793 [INFO] chameleon - CHAMELEON BOT - starting (USE_MOCK=False, CYCLE=600s)
2026-04-03 05:38:43,794 [INFO] chameleon - This is not a trading bot.
2026-04-03 05:38:43,794 [INFO] chameleon - This is a market-state interpreter powered by Smart Money.
2026-04-03 05:38:43,794 [INFO] chameleon - ============================================================
2026-04-03 05:38:45,060 [INFO] httpx - HTTP Request: POST https://api.nansen.ai/api/v1/smart-money/holdings "HTTP/1.1 200 OK"
2026-04-03 05:38:46,171 [INFO] httpx - HTTP Request: POST https://api.nansen.ai/api/v1/smart-money/netflow "HTTP/1.1 200 OK"
2026-04-03 05:38:46,871 [INFO] httpx - HTTP Request: POST https://api.nansen.ai/api/v1/smart-money/dcas "HTTP/1.1 422 Unprocessable Entity"
2026-04-03 05:38:46,873 [ERROR] nansen_client - API error 422: {"error":"Unknown field","message":"Field 'token_address' is not recognized. Please check the API documentation for valid request fields."}
2026-04-03 05:38:46,874 [WARNING] nansen_client - Retrying: /smart-money/dcas
2026-04-03 05:38:47,541 [INFO] httpx - HTTP Request: POST https://api.nansen.ai/api/v1/smart-money/dcas "HTTP/1.1 422 Unprocessable Entity"
2026-04-03 05:38:47,543 [ERROR] nansen_client - API error 422: {"error":"Unknown field","message":"Field 'token_address' is not recognized. Please check the API documentation for valid request fields."}
2026-04-03 05:38:47,544 [ERROR] nansen_client - Data fetch failed for: So11111111111111111111111111111111111111112
2026-04-03 05:38:47,548 [INFO] chameleon - TOKEN=So11111111111111111111111111111111111111112 MODE=SLEEP   ACTION=NO ACTION CONFIDENCE=0.00
2026-04-03 05:38:48,616 [INFO] httpx - HTTP Request: POST https://api.nansen.ai/api/v1/smart-money/holdings "HTTP/1.1 200 OK"
2026-04-03 05:38:57,060 [INFO] httpx - HTTP Request: POST https://api.nansen.ai/api/v1/smart-money/netflow "HTTP/1.1 200 OK"
2026-04-03 05:38:57,700 [INFO] httpx - HTTP Request: POST https://api.nansen.ai/api/v1/smart-money/dcas "HTTP/1.1 422 Unprocessable Entity"
2026-04-03 05:38:57,703 [ERROR] nansen_client - API error 422: {"error":"Unknown field","message":"Field 'token_address' is not recognized. Please check the API documentation for valid request fields."}
2026-04-03 05:38:57,705 [WARNING] nansen_client - Retrying: /smart-money/dcas
2026-04-03 05:38:58,339 [INFO] httpx - HTTP Request: POST https://api.nansen.ai/api/v1/smart-money/dcas "HTTP/1.1 422 Unprocessable Entity"
2026-04-03 05:38:58,341 [ERROR] nansen_client - API error 422: {"error":"Unknown field","message":"Field 'token_address' is not recognized. Please check the API documentation for valid request fields."}
2026-04-03 05:38:58,343 [ERROR] nansen_client - Data fetch failed for: JUPyiwrYJFskUPiHa7hkeR8VUtAeFoSYbKedZNsDvCN
2026-04-03 05:38:58,348 [INFO] chameleon - TOKEN=JUPyiwrYJFskUPiHa7hkeR8VUtAeFoSYbKedZNsDvCN MODE=SLEEP   ACTION=NO ACTION CONFIDENCE=0.00
2026-04-03 05:39:00,095 [INFO] httpx - HTTP Request: POST https://api.nansen.ai/api/v1/smart-money/holdings "HTTP/1.1 200 OK"
2026-04-03 05:39:01,931 [INFO] httpx - HTTP Request: POST https://api.nansen.ai/api/v1/smart-money/netflow "HTTP/1.1 200 OK"
2026-04-03 05:39:02,591 [INFO] httpx - HTTP Request: POST https://api.nansen.ai/api/v1/smart-money/dcas "HTTP/1.1 422 Unprocessable Entity"
2026-04-03 05:39:02,593 [ERROR] nansen_client - API error 422: {"error":"Unknown field","message":"Field 'token_address' is not recognized. Please check the API documentation for valid request fields."}
2026-04-03 05:39:02,595 [WARNING] nansen_client - Retrying: /smart-money/dcas
2026-04-03 05:39:03,248 [INFO] httpx - HTTP Request: POST https://api.nansen.ai/api/v1/smart-money/dcas "HTTP/1.1 422 Unprocessable Entity"
2026-04-03 05:39:03,250 [ERROR] nansen_client - API error 422: {"error":"Unknown field","message":"Field 'token_address' is not recognized. Please check the API documentation for valid request fields."}
2026-04-03 05:39:03,252 [ERROR] nansen_client - Data fetch failed for: DezXAZ8z7PnrnRJjz3wXBoRgixCa6xjnB7YaB1pPB263
2026-04-03 05:39:03,257 [INFO] chameleon - TOKEN=DezXAZ8z7PnrnRJjz3wXBoRgixCa6xjnB7YaB1pPB263 MODE=SLEEP   ACTION=NO ACTION CONFIDENCE=0.00
2026-04-03 05:39:03,258 [INFO] chameleon - Cycle complete. Sleeping 600s.
2026-04-03 05:42:21,632 [INFO] chameleon - ============================================================
2026-04-03 05:42:21,632 [INFO] chameleon - CHAMELEON BOT - starting (USE_MOCK=False, CYCLE=600s)
2026-04-03 05:42:21,633 [INFO] chameleon - This is not a trading bot.
2026-04-03 05:42:21,633 [INFO] chameleon - This is a market-state interpreter powered by Smart Money.
2026-04-03 05:42:21,633 [INFO] chameleon - ============================================================
2026-04-03 05:42:22,801 [INFO] httpx - HTTP Request: POST https://api.nansen.ai/api/v1/smart-money/holdings "HTTP/1.1 200 OK"
2026-04-03 05:42:23,919 [INFO] httpx - HTTP Request: POST https://api.nansen.ai/api/v1/smart-money/netflow "HTTP/1.1 200 OK"
2026-04-03 05:42:23,921 [INFO] chameleon - TOKEN=So11111111111111111111111111111111111111112 MODE=SLEEP   ACTION=NO ACTION CONFIDENCE=0.70
2026-04-03 05:42:25,200 [INFO] httpx - HTTP Request: POST https://api.nansen.ai/api/v1/smart-money/holdings "HTTP/1.1 200 OK"
2026-04-03 05:42:26,320 [INFO] httpx - HTTP Request: POST https://api.nansen.ai/api/v1/smart-money/netflow "HTTP/1.1 200 OK"
2026-04-03 05:42:26,327 [INFO] chameleon - TOKEN=JUPyiwrYJFskUPiHa7hkeR8VUtAeFoSYbKedZNsDvCN MODE=SLEEP   ACTION=NO ACTION CONFIDENCE=0.70
2026-04-03 05:42:27,441 [INFO] httpx - HTTP Request: POST https://api.nansen.ai/api/v1/smart-money/holdings "HTTP/1.1 200 OK"
2026-04-03 05:42:28,434 [INFO] httpx - HTTP Request: POST https://api.nansen.ai/api/v1/smart-money/netflow "HTTP/1.1 200 OK"
2026-04-03 05:42:28,442 [INFO] chameleon - TOKEN=DezXAZ8z7PnrnRJjz3wXBoRgixCa6xjnB7YaB1pPB263 MODE=SLEEP   ACTION=NO ACTION CONFIDENCE=0.70
2026-04-03 05:42:28,443 [INFO] chameleon - Cycle complete. Sleeping 600s.
2026-04-03 05:47:25,637 [ERROR] nansen_client - NANSEN_API_KEY is not set
2026-04-03 05:47:25,641 [INFO] chameleon - TOKEN=So11111111111111111111111111111111111111112 MODE=SLEEP   ACTION=NO ACTION CONFIDENCE=0.00
2026-04-03 05:47:25,642 [ERROR] nansen_client - NANSEN_API_KEY is not set
2026-04-03 05:47:25,642 [INFO] chameleon - TOKEN=JUPyiwrYJFskUPiHa7hkeR8VUtAeFoSYbKedZNsDvCN MODE=SLEEP   ACTION=NO ACTION CONFIDENCE=0.00
2026-04-03 05:47:25,643 [ERROR] nansen_client - NANSEN_API_KEY is not set
2026-04-03 05:47:25,643 [INFO] chameleon - TOKEN=DezXAZ8z7PnrnRJjz3wXBoRgixCa6xjnB7YaB1pPB263 MODE=SLEEP   ACTION=NO ACTION CONFIDENCE=0.00
2026-04-03 05:47:25,644 [INFO] chameleon - Cycle complete. Sleeping 600s.
2026-04-03 05:49:33,145 [INFO] chameleon - ============================================================
2026-04-03 05:49:33,146 [INFO] chameleon - CHAMELEON BOT - starting (USE_MOCK=False, CYCLE=600s)
2026-04-03 05:49:33,146 [INFO] chameleon - This is not a trading bot.
2026-04-03 05:49:33,146 [INFO] chameleon - This is a market-state interpreter powered by Smart Money.
2026-04-03 05:49:33,147 [INFO] chameleon - ============================================================
2026-04-03 05:49:34,317 [INFO] httpx - HTTP Request: POST https://api.nansen.ai/api/v1/smart-money/holdings "HTTP/1.1 200 OK"
2026-04-03 05:49:35,309 [INFO] httpx - HTTP Request: POST https://api.nansen.ai/api/v1/smart-money/netflow "HTTP/1.1 200 OK"
2026-04-03 05:49:35,313 [INFO] chameleon - TOKEN=So11111111111111111111111111111111111111112 MODE=SLEEP   ACTION=NO ACTION CONFIDENCE=0.50
2026-04-03 05:49:36,360 [INFO] httpx - HTTP Request: POST https://api.nansen.ai/api/v1/smart-money/holdings "HTTP/1.1 200 OK"
2026-04-03 05:49:37,268 [INFO] httpx - HTTP Request: POST https://api.nansen.ai/api/v1/smart-money/netflow "HTTP/1.1 200 OK"
2026-04-03 05:49:37,275 [INFO] chameleon - TOKEN=JUPyiwrYJFskUPiHa7hkeR8VUtAeFoSYbKedZNsDvCN MODE=SLEEP   ACTION=NO ACTION CONFIDENCE=0.50
2026-04-03 05:49:38,484 [INFO] httpx - HTTP Request: POST https://api.nansen.ai/api/v1/smart-money/holdings "HTTP/1.1 200 OK"
2026-04-03 05:49:39,397 [INFO] httpx - HTTP Request: POST https://api.nansen.ai/api/v1/smart-money/netflow "HTTP/1.1 200 OK"
2026-04-03 05:49:39,399 [INFO] chameleon - TOKEN=DezXAZ8z7PnrnRJjz3wXBoRgixCa6xjnB7YaB1pPB263 MODE=SLEEP   ACTION=NO ACTION CONFIDENCE=0.50
2026-04-03 05:49:39,399 [INFO] chameleon - Cycle complete. Sleeping 600s.
2026-04-03 05:57:25,645 [ERROR] nansen_client - NANSEN_API_KEY is not set
2026-04-03 05:57:25,646 [INFO] chameleon - TOKEN=So11111111111111111111111111111111111111112 MODE=SLEEP   ACTION=NO ACTION CONFIDENCE=0.00
2026-04-03 05:57:25,647 [ERROR] nansen_client - NANSEN_API_KEY is not set
2026-04-03 05:57:25,648 [INFO] chameleon - TOKEN=JUPyiwrYJFskUPiHa7hkeR8VUtAeFoSYbKedZNsDvCN MODE=SLEEP   ACTION=NO ACTION CONFIDENCE=0.00
2026-04-03 05:57:25,648 [ERROR] nansen_client - NANSEN_API_KEY is not set
2026-04-03 05:57:25,649 [INFO] chameleon - TOKEN=DezXAZ8z7PnrnRJjz3wXBoRgixCa6xjnB7YaB1pPB263 MODE=SLEEP   ACTION=NO ACTION CONFIDENCE=0.00
2026-04-03 05:57:25,649 [INFO] chameleon - Cycle complete. Sleeping 600s.
2026-04-03 05:59:40,607 [INFO] httpx - HTTP Request: POST https://api.nansen.ai/api/v1/smart-money/holdings "HTTP/1.1 200 OK"
2026-04-03 05:59:41,541 [INFO] httpx - HTTP Request: POST https://api.nansen.ai/api/v1/smart-money/netflow "HTTP/1.1 200 OK"
2026-04-03 05:59:41,547 [INFO] chameleon - TOKEN=So11111111111111111111111111111111111111112 MODE=SLEEP   ACTION=NO ACTION CONFIDENCE=0.50
2026-04-03 05:59:42,569 [INFO] httpx - HTTP Request: POST https://api.nansen.ai/api/v1/smart-money/holdings "HTTP/1.1 200 OK"
2026-04-03 05:59:43,435 [INFO] httpx - HTTP Request: POST https://api.nansen.ai/api/v1/smart-money/netflow "HTTP/1.1 200 OK"
2026-04-03 05:59:43,441 [INFO] chameleon - TOKEN=JUPyiwrYJFskUPiHa7hkeR8VUtAeFoSYbKedZNsDvCN MODE=SLEEP   ACTION=NO ACTION CONFIDENCE=0.50
2026-04-03 05:59:44,368 [INFO] httpx - HTTP Request: POST https://api.nansen.ai/api/v1/smart-money/holdings "HTTP/1.1 200 OK"
2026-04-03 05:59:45,377 [INFO] httpx - HTTP Request: POST https://api.nansen.ai/api/v1/smart-money/netflow "HTTP/1.1 200 OK"
2026-04-03 05:59:45,381 [INFO] chameleon - TOKEN=DezXAZ8z7PnrnRJjz3wXBoRgixCa6xjnB7YaB1pPB263 MODE=SLEEP   ACTION=NO ACTION CONFIDENCE=0.50
2026-04-03 05:59:45,382 [INFO] chameleon - Cycle complete. Sleeping 600s.
2026-04-03 06:07:25,650 [ERROR] nansen_client - NANSEN_API_KEY is not set
2026-04-03 06:07:25,651 [INFO] chameleon - TOKEN=So11111111111111111111111111111111111111112 MODE=SLEEP   ACTION=NO ACTION CONFIDENCE=0.00
2026-04-03 06:07:25,651 [ERROR] nansen_client - NANSEN_API_KEY is not set
2026-04-03 06:07:25,652 [INFO] chameleon - TOKEN=JUPyiwrYJFskUPiHa7hkeR8VUtAeFoSYbKedZNsDvCN MODE=SLEEP   ACTION=NO ACTION CONFIDENCE=0.00
2026-04-03 06:07:25,652 [ERROR] nansen_client - NANSEN_API_KEY is not set
2026-04-03 06:07:25,653 [INFO] chameleon - TOKEN=DezXAZ8z7PnrnRJjz3wXBoRgixCa6xjnB7YaB1pPB263 MODE=SLEEP   ACTION=NO ACTION CONFIDENCE=0.00
2026-04-03 06:07:25,653 [INFO] chameleon - Cycle complete. Sleeping 600s.
2026-04-03 06:17:25,654 [ERROR] nansen_client - NANSEN_API_KEY is not set
2026-04-03 06:17:25,659 [INFO] chameleon - TOKEN=So11111111111111111111111111111111111111112 MODE=SLEEP   ACTION=NO ACTION CONFIDENCE=0.00
2026-04-03 06:17:25,659 [ERROR] nansen_client - NANSEN_API_KEY is not set
2026-04-03 06:17:25,660 [INFO] chameleon - TOKEN=JUPyiwrYJFskUPiHa7hkeR8VUtAeFoSYbKedZNsDvCN MODE=SLEEP   ACTION=NO ACTION CONFIDENCE=0.00
2026-04-03 06:17:25,660 [ERROR] nansen_client - NANSEN_API_KEY is not set
2026-04-03 06:17:25,662 [INFO] chameleon - TOKEN=DezXAZ8z7PnrnRJjz3wXBoRgixCa6xjnB7YaB1pPB263 MODE=SLEEP   ACTION=NO ACTION CONFIDENCE=0.00
2026-04-03 06:17:25,662 [INFO] chameleon - Cycle complete. Sleeping 600s.
2026-04-03 06:17:37,782 [INFO] chameleon - ============================================================
2026-04-03 06:17:37,783 [INFO] chameleon - CHAMELEON BOT - starting (USE_MOCK=False, CYCLE=600s)
2026-04-03 06:17:37,783 [INFO] chameleon - This is not a trading bot.
2026-04-03 06:17:37,783 [INFO] chameleon - This is a market-state interpreter powered by Smart Money.
2026-04-03 06:17:37,784 [INFO] chameleon - ============================================================
2026-04-03 06:17:37,784 [INFO] chameleon - Scanning top tokens from Nansen...
2026-04-03 06:17:40,397 [INFO] httpx - HTTP Request: POST https://api.nansen.ai/api/v1/smart-money/holdings "HTTP/1.1 200 OK"
2026-04-03 06:17:40,402 [INFO] scanner - Scanned 10 tokens from Nansen
2026-04-03 06:17:40,403 [INFO] scanner - Top scored token: JUP (score=0.064)
2026-04-03 06:17:40,410 [INFO] chameleon - Watchlist size: 10 tokens
2026-04-03 06:17:42,165 [INFO] httpx - HTTP Request: POST https://api.nansen.ai/api/v1/smart-money/holdings "HTTP/1.1 200 OK"
2026-04-03 06:17:43,885 [INFO] httpx - HTTP Request: POST https://api.nansen.ai/api/v1/smart-money/netflow "HTTP/1.1 200 OK"
2026-04-03 06:17:43,887 [INFO] chameleon - JUP        MODE=SLEEP   ACTION=NO ACTION            CONFIDENCE=0.50
2026-04-03 06:17:45,459 [INFO] httpx - HTTP Request: POST https://api.nansen.ai/api/v1/smart-money/holdings "HTTP/1.1 200 OK"
2026-04-03 06:17:46,817 [INFO] httpx - HTTP Request: POST https://api.nansen.ai/api/v1/smart-money/netflow "HTTP/1.1 200 OK"
2026-04-03 06:19:23,283 [INFO] chameleon - META       MODE=SLEEP   ACTION=NO ACTION            CONFIDENCE=0.50
2026-04-03 06:19:24,388 [INFO] httpx - HTTP Request: POST https://api.nansen.ai/api/v1/smart-money/holdings "HTTP/1.1 200 OK"
2026-04-03 06:19:25,350 [INFO] httpx - HTTP Request: POST https://api.nansen.ai/api/v1/smart-money/netflow "HTTP/1.1 200 OK"
2026-04-03 06:19:25,357 [INFO] chameleon - PUNCH      MODE=SLEEP   ACTION=NO ACTION            CONFIDENCE=0.50
2026-04-03 06:19:26,304 [INFO] httpx - HTTP Request: POST https://api.nansen.ai/api/v1/smart-money/holdings "HTTP/1.1 200 OK"
2026-04-03 06:19:27,609 [INFO] httpx - HTTP Request: POST https://api.nansen.ai/api/v1/smart-money/netflow "HTTP/1.1 200 OK"
2026-04-03 06:19:27,616 [INFO] chameleon - PENGU      MODE=SLEEP   ACTION=NO ACTION            CONFIDENCE=0.50
2026-04-03 06:19:28,590 [INFO] httpx - HTTP Request: POST https://api.nansen.ai/api/v1/smart-money/holdings "HTTP/1.1 200 OK"
2026-04-03 06:19:29,508 [INFO] httpx - HTTP Request: POST https://api.nansen.ai/api/v1/smart-money/netflow "HTTP/1.1 200 OK"
2026-04-03 06:19:29,510 [INFO] chameleon - WOJAK      MODE=SLEEP   ACTION=NO ACTION            CONFIDENCE=0.50
2026-04-03 06:19:30,389 [INFO] httpx - HTTP Request: POST https://api.nansen.ai/api/v1/smart-money/holdings "HTTP/1.1 200 OK"
2026-04-03 06:19:31,318 [INFO] httpx - HTTP Request: POST https://api.nansen.ai/api/v1/smart-money/netflow "HTTP/1.1 200 OK"
2026-04-03 06:19:31,321 [INFO] chameleon - FARTCOIN   MODE=SLEEP   ACTION=NO ACTION            CONFIDENCE=0.50
2026-04-03 06:19:32,768 [INFO] httpx - HTTP Request: POST https://api.nansen.ai/api/v1/smart-money/holdings "HTTP/1.1 200 OK"
2026-04-03 06:19:33,988 [INFO] httpx - HTTP Request: POST https://api.nansen.ai/api/v1/smart-money/netflow "HTTP/1.1 200 OK"
2026-04-03 06:19:33,990 [INFO] chameleon - MPLX       MODE=SLEEP   ACTION=NO ACTION            CONFIDENCE=0.50
2026-04-03 06:19:34,960 [INFO] httpx - HTTP Request: POST https://api.nansen.ai/api/v1/smart-money/holdings "HTTP/1.1 200 OK"
2026-04-03 06:19:36,233 [INFO] httpx - HTTP Request: POST https://api.nansen.ai/api/v1/smart-money/netflow "HTTP/1.1 200 OK"
2026-04-03 06:19:36,235 [INFO] chameleon - ORCA       MODE=SLEEP   ACTION=NO ACTION            CONFIDENCE=0.50
2026-04-03 06:19:37,779 [INFO] httpx - HTTP Request: POST https://api.nansen.ai/api/v1/smart-money/holdings "HTTP/1.1 200 OK"
2026-04-03 06:19:38,628 [INFO] httpx - HTTP Request: POST https://api.nansen.ai/api/v1/smart-money/netflow "HTTP/1.1 200 OK"
2026-04-03 06:19:38,631 [INFO] chameleon - RENDER     MODE=SLEEP   ACTION=NO ACTION            CONFIDENCE=0.50
2026-04-03 06:19:39,588 [INFO] httpx - HTTP Request: POST https://api.nansen.ai/api/v1/smart-money/holdings "HTTP/1.1 200 OK"
2026-04-03 06:19:40,483 [INFO] httpx - HTTP Request: POST https://api.nansen.ai/api/v1/smart-money/netflow "HTTP/1.1 200 OK"
2026-04-03 06:19:40,490 [INFO] chameleon - PUMP       MODE=SLEEP   ACTION=NO ACTION            CONFIDENCE=0.50
2026-04-03 06:19:40,493 [INFO] chameleon - Cycle complete. Sleeping 600s.
2026-04-03 06:27:25,663 [ERROR] nansen_client - NANSEN_API_KEY is not set
2026-04-03 06:27:25,668 [INFO] chameleon - TOKEN=So11111111111111111111111111111111111111112 MODE=SLEEP   ACTION=NO ACTION CONFIDENCE=0.00
2026-04-03 06:27:25,669 [ERROR] nansen_client - NANSEN_API_KEY is not set
2026-04-03 06:27:25,672 [INFO] chameleon - TOKEN=JUPyiwrYJFskUPiHa7hkeR8VUtAeFoSYbKedZNsDvCN MODE=SLEEP   ACTION=NO ACTION CONFIDENCE=0.00
2026-04-03 06:27:25,673 [ERROR] nansen_client - NANSEN_API_KEY is not set
2026-04-03 06:27:25,675 [INFO] chameleon - TOKEN=DezXAZ8z7PnrnRJjz3wXBoRgixCa6xjnB7YaB1pPB263 MODE=SLEEP   ACTION=NO ACTION CONFIDENCE=0.00
2026-04-03 06:27:25,675 [INFO] chameleon - Cycle complete. Sleeping 600s.
2026-04-03 06:29:40,494 [INFO] chameleon - Scanning top tokens from Nansen...
2026-04-03 06:29:41,881 [INFO] httpx - HTTP Request: POST https://api.nansen.ai/api/v1/smart-money/holdings "HTTP/1.1 200 OK"
2026-04-03 06:29:41,884 [INFO] scanner - Scanned 10 tokens from Nansen
2026-04-03 06:29:41,886 [INFO] scanner - Top scored token: JUP (score=0.064)
2026-04-03 06:29:41,892 [INFO] chameleon - Watchlist size: 12 tokens
2026-04-03 06:29:42,812 [INFO] httpx - HTTP Request: POST https://api.nansen.ai/api/v1/smart-money/holdings "HTTP/1.1 200 OK"
2026-04-03 06:29:44,138 [INFO] httpx - HTTP Request: POST https://api.nansen.ai/api/v1/smart-money/netflow "HTTP/1.1 200 OK"
2026-04-03 06:29:44,145 [INFO] chameleon - JUP        MODE=SLEEP   ACTION=NO ACTION            CONFIDENCE=0.50
2026-04-03 06:29:45,181 [INFO] httpx - HTTP Request: POST https://api.nansen.ai/api/v1/smart-money/holdings "HTTP/1.1 200 OK"
2026-04-03 06:29:46,049 [INFO] httpx - HTTP Request: POST https://api.nansen.ai/api/v1/smart-money/netflow "HTTP/1.1 200 OK"
2026-04-03 06:29:46,051 [INFO] chameleon - META       MODE=SLEEP   ACTION=NO ACTION            CONFIDENCE=0.50
2026-04-03 06:29:46,991 [INFO] httpx - HTTP Request: POST https://api.nansen.ai/api/v1/smart-money/holdings "HTTP/1.1 200 OK"
2026-04-03 06:29:47,910 [INFO] httpx - HTTP Request: POST https://api.nansen.ai/api/v1/smart-money/netflow "HTTP/1.1 200 OK"
2026-04-03 06:29:47,919 [INFO] chameleon - PUNCH      MODE=SLEEP   ACTION=NO ACTION            CONFIDENCE=0.50
2026-04-03 06:29:49,564 [INFO] httpx - HTTP Request: POST https://api.nansen.ai/api/v1/smart-money/holdings "HTTP/1.1 200 OK"
2026-04-03 06:29:50,625 [INFO] httpx - HTTP Request: POST https://api.nansen.ai/api/v1/smart-money/netflow "HTTP/1.1 200 OK"
2026-04-03 06:29:50,628 [INFO] chameleon - PENGU      MODE=SLEEP   ACTION=NO ACTION            CONFIDENCE=0.50
2026-04-03 06:29:51,593 [INFO] httpx - HTTP Request: POST https://api.nansen.ai/api/v1/smart-money/holdings "HTTP/1.1 200 OK"
2026-04-03 06:29:52,868 [INFO] httpx - HTTP Request: POST https://api.nansen.ai/api/v1/smart-money/netflow "HTTP/1.1 200 OK"
2026-04-03 06:29:52,874 [INFO] chameleon - WOJAK      MODE=SLEEP   ACTION=NO ACTION            CONFIDENCE=0.50
2026-04-03 06:29:54,439 [INFO] httpx - HTTP Request: POST https://api.nansen.ai/api/v1/smart-money/holdings "HTTP/1.1 200 OK"
2026-04-03 06:29:55,428 [INFO] httpx - HTTP Request: POST https://api.nansen.ai/api/v1/smart-money/netflow "HTTP/1.1 200 OK"
2026-04-03 06:29:55,433 [INFO] chameleon - FARTCOIN   MODE=SLEEP   ACTION=NO ACTION            CONFIDENCE=0.50
2026-04-03 06:29:56,396 [INFO] httpx - HTTP Request: POST https://api.nansen.ai/api/v1/smart-money/holdings "HTTP/1.1 200 OK"
2026-04-03 06:29:57,349 [INFO] httpx - HTTP Request: POST https://api.nansen.ai/api/v1/smart-money/netflow "HTTP/1.1 200 OK"
2026-04-03 06:29:57,353 [INFO] chameleon - MPLX       MODE=SLEEP   ACTION=NO ACTION            CONFIDENCE=0.50
2026-04-03 06:29:58,362 [INFO] httpx - HTTP Request: POST https://api.nansen.ai/api/v1/smart-money/holdings "HTTP/1.1 200 OK"
2026-04-03 06:29:59,439 [INFO] httpx - HTTP Request: POST https://api.nansen.ai/api/v1/smart-money/netflow "HTTP/1.1 200 OK"
2026-04-03 06:29:59,441 [INFO] chameleon - ORCA       MODE=SLEEP   ACTION=NO ACTION            CONFIDENCE=0.50
2026-04-03 06:30:00,812 [INFO] httpx - HTTP Request: POST https://api.nansen.ai/api/v1/smart-money/holdings "HTTP/1.1 200 OK"
2026-04-03 06:30:01,735 [INFO] httpx - HTTP Request: POST https://api.nansen.ai/api/v1/smart-money/netflow "HTTP/1.1 200 OK"
2026-04-03 06:30:01,742 [INFO] chameleon - RENDER     MODE=SLEEP   ACTION=NO ACTION            CONFIDENCE=0.50
2026-04-03 06:30:03,202 [INFO] httpx - HTTP Request: POST https://api.nansen.ai/api/v1/smart-money/holdings "HTTP/1.1 200 OK"
2026-04-03 06:30:04,547 [INFO] httpx - HTTP Request: POST https://api.nansen.ai/api/v1/smart-money/netflow "HTTP/1.1 200 OK"
2026-04-03 06:30:04,551 [INFO] chameleon - PUMP       MODE=SLEEP   ACTION=NO ACTION            CONFIDENCE=0.50
2026-04-03 06:30:06,025 [INFO] httpx - HTTP Request: POST https://api.nansen.ai/api/v1/smart-money/holdings "HTTP/1.1 200 OK"
2026-04-03 06:30:07,279 [INFO] httpx - HTTP Request: POST https://api.nansen.ai/api/v1/smart-money/netflow "HTTP/1.1 200 OK"
2026-04-03 06:30:07,285 [INFO] chameleon - HNT        MODE=SLEEP   ACTION=NO ACTION            CONFIDENCE=0.50
2026-04-03 06:30:08,191 [INFO] httpx - HTTP Request: POST https://api.nansen.ai/api/v1/smart-money/holdings "HTTP/1.1 200 OK"
2026-04-03 06:30:09,069 [INFO] httpx - HTTP Request: POST https://api.nansen.ai/api/v1/smart-money/netflow "HTTP/1.1 200 OK"
2026-04-03 06:30:09,072 [INFO] chameleon - NATIX      MODE=SLEEP   ACTION=NO ACTION            CONFIDENCE=0.50
2026-04-03 06:30:09,073 [INFO] chameleon - Cycle complete. Sleeping 600s.
2026-04-03 06:31:46,925 [INFO] chameleon - ============================================================
2026-04-03 06:31:46,926 [INFO] chameleon - CHAMELEON BOT - starting (USE_MOCK=False, CYCLE=600s)
2026-04-03 06:31:46,926 [INFO] chameleon - This is not a trading bot.
2026-04-03 06:31:46,927 [INFO] chameleon - This is a market-state interpreter powered by Smart Money.
2026-04-03 06:31:46,927 [INFO] chameleon - ============================================================
2026-04-03 06:31:46,934 [INFO] chameleon - Scanning top tokens from Nansen...
2026-04-03 06:31:51,195 [INFO] httpx - HTTP Request: POST https://api.nansen.ai/api/v1/smart-money/netflow "HTTP/1.1 200 OK"
2026-04-03 06:31:51,196 [INFO] scanner - Scanned 10 tokens from Nansen (netflow 1h DESC)
2026-04-03 06:31:51,219 [INFO] chameleon - Watchlist size: 20 tokens
2026-04-03 06:31:52,739 [INFO] httpx - HTTP Request: POST https://api.nansen.ai/api/v1/smart-money/holdings "HTTP/1.1 200 OK"
2026-04-03 06:31:58,759 [INFO] httpx - HTTP Request: POST https://api.nansen.ai/api/v1/smart-money/netflow "HTTP/1.1 200 OK"
2026-04-03 06:31:58,763 [INFO] chameleon - JUP        MODE=SLEEP   ACTION=NO ACTION            CONFIDENCE=0.50
2026-04-03 06:31:59,917 [INFO] httpx - HTTP Request: POST https://api.nansen.ai/api/v1/smart-money/holdings "HTTP/1.1 200 OK"
2026-04-03 06:32:00,791 [INFO] httpx - HTTP Request: POST https://api.nansen.ai/api/v1/smart-money/netflow "HTTP/1.1 200 OK"
2026-04-03 06:32:00,798 [INFO] chameleon - META       MODE=SLEEP   ACTION=NO ACTION            CONFIDENCE=0.50
2026-04-03 06:32:01,824 [INFO] httpx - HTTP Request: POST https://api.nansen.ai/api/v1/smart-money/holdings "HTTP/1.1 200 OK"
2026-04-03 06:32:02,787 [INFO] httpx - HTTP Request: POST https://api.nansen.ai/api/v1/smart-money/netflow "HTTP/1.1 200 OK"
2026-04-03 06:32:02,793 [INFO] chameleon - PUNCH      MODE=SLEEP   ACTION=NO ACTION            CONFIDENCE=0.50
2026-04-03 06:32:03,870 [INFO] httpx - HTTP Request: POST https://api.nansen.ai/api/v1/smart-money/holdings "HTTP/1.1 200 OK"
2026-04-03 06:32:04,727 [INFO] httpx - HTTP Request: POST https://api.nansen.ai/api/v1/smart-money/netflow "HTTP/1.1 200 OK"
2026-04-03 06:32:04,734 [INFO] chameleon - PENGU      MODE=SLEEP   ACTION=NO ACTION            CONFIDENCE=0.50
2026-04-03 06:32:05,830 [INFO] httpx - HTTP Request: POST https://api.nansen.ai/api/v1/smart-money/holdings "HTTP/1.1 200 OK"
2026-04-03 06:32:07,046 [INFO] httpx - HTTP Request: POST https://api.nansen.ai/api/v1/smart-money/netflow "HTTP/1.1 200 OK"
2026-04-03 06:32:07,054 [INFO] chameleon - WOJAK      MODE=SLEEP   ACTION=NO ACTION            CONFIDENCE=0.50
2026-04-03 06:32:08,153 [INFO] httpx - HTTP Request: POST https://api.nansen.ai/api/v1/smart-money/holdings "HTTP/1.1 200 OK"
2026-04-03 06:32:09,327 [INFO] httpx - HTTP Request: POST https://api.nansen.ai/api/v1/smart-money/netflow "HTTP/1.1 200 OK"
2026-04-03 06:32:09,335 [INFO] chameleon - ORCA       MODE=SLEEP   ACTION=NO ACTION            CONFIDENCE=0.50
2026-04-03 06:32:11,106 [INFO] httpx - HTTP Request: POST https://api.nansen.ai/api/v1/smart-money/holdings "HTTP/1.1 200 OK"
2026-04-03 06:32:12,026 [INFO] httpx - HTTP Request: POST https://api.nansen.ai/api/v1/smart-money/netflow "HTTP/1.1 200 OK"
2026-04-03 06:32:12,027 [INFO] chameleon - RENDER     MODE=SLEEP   ACTION=NO ACTION            CONFIDENCE=0.50
2026-04-03 06:32:13,694 [INFO] httpx - HTTP Request: POST https://api.nansen.ai/api/v1/smart-money/holdings "HTTP/1.1 200 OK"
2026-04-03 06:32:14,909 [INFO] httpx - HTTP Request: POST https://api.nansen.ai/api/v1/smart-money/netflow "HTTP/1.1 200 OK"
2026-04-03 06:32:14,910 [INFO] chameleon - PUMP       MODE=SLEEP   ACTION=NO ACTION            CONFIDENCE=0.50
2026-04-03 06:32:15,992 [INFO] httpx - HTTP Request: POST https://api.nansen.ai/api/v1/smart-money/holdings "HTTP/1.1 200 OK"
2026-04-03 06:32:16,900 [INFO] httpx - HTTP Request: POST https://api.nansen.ai/api/v1/smart-money/netflow "HTTP/1.1 200 OK"
2026-04-03 06:32:16,902 [INFO] chameleon - HNT        MODE=SLEEP   ACTION=NO ACTION            CONFIDENCE=0.50
2026-04-03 06:32:18,630 [INFO] httpx - HTTP Request: POST https://api.nansen.ai/api/v1/smart-money/holdings "HTTP/1.1 200 OK"
2026-04-03 06:32:19,587 [INFO] httpx - HTTP Request: POST https://api.nansen.ai/api/v1/smart-money/netflow "HTTP/1.1 200 OK"
2026-04-03 06:32:19,594 [INFO] chameleon - NATIX      MODE=SLEEP   ACTION=NO ACTION            CONFIDENCE=0.50
2026-04-03 06:32:20,641 [INFO] httpx - HTTP Request: POST https://api.nansen.ai/api/v1/smart-money/holdings "HTTP/1.1 200 OK"
2026-04-03 06:32:21,532 [INFO] httpx - HTTP Request: POST https://api.nansen.ai/api/v1/smart-money/netflow "HTTP/1.1 200 OK"
2026-04-03 06:32:21,535 [INFO] chameleon - WIZARD     MODE=SLEEP   ACTION=NO ACTION            CONFIDENCE=0.50
2026-04-03 06:32:22,722 [INFO] httpx - HTTP Request: POST https://api.nansen.ai/api/v1/smart-money/holdings "HTTP/1.1 200 OK"
2026-04-03 06:32:23,603 [INFO] httpx - HTTP Request: POST https://api.nansen.ai/api/v1/smart-money/netflow "HTTP/1.1 200 OK"
2026-04-03 06:32:23,611 [INFO] chameleon - SPONG      MODE=SLEEP   ACTION=NO ACTION            CONFIDENCE=0.50
2026-04-03 06:32:24,549 [INFO] httpx - HTTP Request: POST https://api.nansen.ai/api/v1/smart-money/holdings "HTTP/1.1 200 OK"
2026-04-03 06:32:25,848 [INFO] httpx - HTTP Request: POST https://api.nansen.ai/api/v1/smart-money/netflow "HTTP/1.1 200 OK"
2026-04-03 06:32:25,855 [INFO] chameleon - ­¤ī▒ BIP360   MODE=SLEEP   ACTION=NO ACTION            CONFIDENCE=0.50
2026-04-03 06:32:26,938 [INFO] httpx - HTTP Request: POST https://api.nansen.ai/api/v1/smart-money/holdings "HTTP/1.1 200 OK"
2026-04-03 06:32:27,944 [INFO] httpx - HTTP Request: POST https://api.nansen.ai/api/v1/smart-money/netflow "HTTP/1.1 200 OK"
2026-04-03 06:32:27,949 [INFO] chameleon - PIXEL      MODE=SLEEP   ACTION=NO ACTION            CONFIDENCE=0.50
2026-04-03 06:32:29,457 [INFO] httpx - HTTP Request: POST https://api.nansen.ai/api/v1/smart-money/holdings "HTTP/1.1 200 OK"
2026-04-03 06:32:30,626 [INFO] httpx - HTTP Request: POST https://api.nansen.ai/api/v1/smart-money/netflow "HTTP/1.1 200 OK"
2026-04-03 06:32:30,634 [INFO] chameleon - ­¤ī▒ TWEMP    MODE=SLEEP   ACTION=NO ACTION            CONFIDENCE=0.50
2026-04-03 06:32:31,914 [INFO] httpx - HTTP Request: POST https://api.nansen.ai/api/v1/smart-money/holdings "HTTP/1.1 200 OK"
2026-04-03 06:32:32,785 [INFO] httpx - HTTP Request: POST https://api.nansen.ai/api/v1/smart-money/netflow "HTTP/1.1 200 OK"
2026-04-03 06:32:32,788 [INFO] chameleon - ­¤ī▒ GETCLAW  MODE=SLEEP   ACTION=NO ACTION            CONFIDENCE=0.50
2026-04-03 06:32:33,881 [INFO] httpx - HTTP Request: POST https://api.nansen.ai/api/v1/smart-money/holdings "HTTP/1.1 200 OK"
2026-04-03 06:32:34,785 [INFO] httpx - HTTP Request: POST https://api.nansen.ai/api/v1/smart-money/netflow "HTTP/1.1 200 OK"
2026-04-03 06:32:34,787 [INFO] chameleon - HEIST      MODE=SLEEP   ACTION=NO ACTION            CONFIDENCE=0.50
2026-04-03 06:32:36,125 [INFO] httpx - HTTP Request: POST https://api.nansen.ai/api/v1/smart-money/holdings "HTTP/1.1 200 OK"
2026-04-03 06:32:36,996 [INFO] httpx - HTTP Request: POST https://api.nansen.ai/api/v1/smart-money/netflow "HTTP/1.1 200 OK"
2026-04-03 06:32:37,004 [INFO] chameleon - GUGUGAGA   MODE=SLEEP   ACTION=NO ACTION            CONFIDENCE=0.50
2026-04-03 06:32:38,056 [INFO] httpx - HTTP Request: POST https://api.nansen.ai/api/v1/smart-money/holdings "HTTP/1.1 200 OK"
2026-04-03 06:32:39,059 [INFO] httpx - HTTP Request: POST https://api.nansen.ai/api/v1/smart-money/netflow "HTTP/1.1 200 OK"
2026-04-03 06:32:39,061 [INFO] chameleon - 114514     MODE=SLEEP   ACTION=NO ACTION            CONFIDENCE=0.50
2026-04-03 06:32:39,955 [INFO] httpx - HTTP Request: POST https://api.nansen.ai/api/v1/smart-money/holdings "HTTP/1.1 200 OK"
2026-04-03 06:32:40,895 [INFO] httpx - HTTP Request: POST https://api.nansen.ai/api/v1/smart-money/netflow "HTTP/1.1 200 OK"
2026-04-03 06:32:40,897 [INFO] chameleon - HEARING    MODE=SLEEP   ACTION=NO ACTION            CONFIDENCE=0.50
2026-04-03 06:32:40,898 [INFO] chameleon - Cycle complete. Sleeping 600s.
2026-04-03 06:37:25,676 [ERROR] nansen_client - NANSEN_API_KEY is not set
2026-04-03 06:37:25,678 [INFO] chameleon - TOKEN=So11111111111111111111111111111111111111112 MODE=SLEEP   ACTION=NO ACTION CONFIDENCE=0.00
2026-04-03 06:37:25,678 [ERROR] nansen_client - NANSEN_API_KEY is not set
2026-04-03 06:37:25,680 [INFO] chameleon - TOKEN=JUPyiwrYJFskUPiHa7hkeR8VUtAeFoSYbKedZNsDvCN MODE=SLEEP   ACTION=NO ACTION CONFIDENCE=0.00
2026-04-03 06:37:25,680 [ERROR] nansen_client - NANSEN_API_KEY is not set
2026-04-03 06:37:25,682 [INFO] chameleon - TOKEN=DezXAZ8z7PnrnRJjz3wXBoRgixCa6xjnB7YaB1pPB263 MODE=SLEEP   ACTION=NO ACTION CONFIDENCE=0.00
2026-04-03 06:37:25,683 [INFO] chameleon - Cycle complete. Sleeping 600s.
2026-04-03 06:38:46,440 [INFO] chameleon - ============================================================
2026-04-03 06:38:46,441 [INFO] chameleon - CHAMELEON BOT - starting (USE_MOCK=False, CYCLE=600s)
2026-04-03 06:38:46,441 [INFO] chameleon - This is not a trading bot.
2026-04-03 06:38:46,441 [INFO] chameleon - This is a market-state interpreter powered by Smart Money.
2026-04-03 06:38:46,441 [INFO] chameleon - ============================================================
2026-04-03 06:38:46,442 [INFO] chameleon - Scanning top tokens from Nansen...
2026-04-03 06:38:47,162 [INFO] httpx - HTTP Request: POST https://api.nansen.ai/api/v1/smart-money/netflow "HTTP/1.1 401 Unauthorized"
2026-04-03 06:38:47,163 [ERROR] scanner - scan error 401: {"message":"Invalid API key. Get your key at https://app.nansen.ai/api"}
2026-04-03 06:38:47,164 [INFO] chameleon - Watchlist size: 0 tokens
2026-04-03 06:38:47,164 [INFO] chameleon - No tokens to analyze this cycle.
2026-04-03 06:38:47,164 [INFO] chameleon - Cycle complete. Sleeping 600s.
2026-04-03 06:47:25,684 [ERROR] nansen_client - NANSEN_API_KEY is not set
2026-04-03 06:47:25,686 [INFO] chameleon - TOKEN=So11111111111111111111111111111111111111112 MODE=SLEEP   ACTION=NO ACTION CONFIDENCE=0.00
2026-04-03 06:47:25,687 [ERROR] nansen_client - NANSEN_API_KEY is not set
2026-04-03 06:47:25,688 [INFO] chameleon - TOKEN=JUPyiwrYJFskUPiHa7hkeR8VUtAeFoSYbKedZNsDvCN MODE=SLEEP   ACTION=NO ACTION CONFIDENCE=0.00
2026-04-03 06:47:25,689 [ERROR] nansen_client - NANSEN_API_KEY is not set
2026-04-03 06:47:25,691 [INFO] chameleon - TOKEN=DezXAZ8z7PnrnRJjz3wXBoRgixCa6xjnB7YaB1pPB263 MODE=SLEEP   ACTION=NO ACTION CONFIDENCE=0.00
2026-04-03 06:47:25,691 [INFO] chameleon - Cycle complete. Sleeping 600s.
2026-04-03 06:48:47,166 [INFO] chameleon - Scanning top tokens from Nansen...
2026-04-03 06:48:47,799 [INFO] httpx - HTTP Request: POST https://api.nansen.ai/api/v1/smart-money/netflow "HTTP/1.1 401 Unauthorized"
2026-04-03 06:48:47,801 [ERROR] scanner - scan error 401: {"message":"Invalid API key. Get your key at https://app.nansen.ai/api"}
2026-04-03 06:48:47,806 [INFO] chameleon - Watchlist size: 0 tokens
2026-04-03 06:48:47,807 [INFO] chameleon - No tokens to analyze this cycle.
2026-04-03 06:48:47,808 [INFO] chameleon - Cycle complete. Sleeping 600s.
2026-04-03 06:49:31,013 [INFO] chameleon - ============================================================
2026-04-03 06:49:31,014 [INFO] chameleon - CHAMELEON BOT - starting (USE_MOCK=False, CYCLE=600s)
2026-04-03 06:49:31,014 [INFO] chameleon - This is not a trading bot.
2026-04-03 06:49:31,015 [INFO] chameleon - This is a market-state interpreter powered by Smart Money.
2026-04-03 06:49:31,015 [INFO] chameleon - ============================================================
2026-04-03 06:49:31,023 [INFO] chameleon - Scanning top tokens from Nansen...
2026-04-03 06:49:32,332 [INFO] httpx - HTTP Request: POST https://api.nansen.ai/api/v1/smart-money/netflow "HTTP/1.1 200 OK"
2026-04-03 06:49:32,334 [INFO] scanner - Scanned 10 tokens from Nansen (netflow 1h DESC)
2026-04-03 06:49:32,335 [INFO] scanner - Top token: WIZARD | 1h netflow=$+70 | traders=5 | score=0.315
2026-04-03 06:49:32,337 [INFO] chameleon - Watchlist size: 10 tokens
2026-04-03 06:49:33,592 [INFO] httpx - HTTP Request: POST https://api.nansen.ai/api/v1/smart-money/holdings "HTTP/1.1 200 OK"
2026-04-03 06:49:34,464 [INFO] httpx - HTTP Request: POST https://api.nansen.ai/api/v1/smart-money/netflow "HTTP/1.1 200 OK"
2026-04-03 06:49:34,469 [INFO] chameleon - WIZARD     MODE=STEALTH ACTION=BLOCKED              CONFIDENCE=0.60
2026-04-03 06:49:35,580 [INFO] httpx - HTTP Request: POST https://api.nansen.ai/api/v1/smart-money/holdings "HTTP/1.1 200 OK"
2026-04-03 06:49:36,615 [INFO] httpx - HTTP Request: POST https://api.nansen.ai/api/v1/smart-money/netflow "HTTP/1.1 200 OK"
2026-04-03 06:50:26,443 [INFO] chameleon - SPONG      MODE=SLEEP   ACTION=NO ACTION            CONFIDENCE=0.50
2026-04-03 06:50:27,843 [INFO] httpx - HTTP Request: POST https://api.nansen.ai/api/v1/smart-money/holdings "HTTP/1.1 200 OK"
2026-04-03 06:50:28,784 [INFO] httpx - HTTP Request: POST https://api.nansen.ai/api/v1/smart-money/netflow "HTTP/1.1 200 OK"
2026-04-03 06:50:28,789 [INFO] chameleon - ­¤ī▒ BIP360   MODE=STEALTH ACTION=BLOCKED              CONFIDENCE=0.57
2026-04-03 06:50:30,621 [INFO] httpx - HTTP Request: POST https://api.nansen.ai/api/v1/smart-money/holdings "HTTP/1.1 200 OK"
2026-04-03 06:50:31,580 [INFO] httpx - HTTP Request: POST https://api.nansen.ai/api/v1/smart-money/netflow "HTTP/1.1 200 OK"
2026-04-03 06:50:31,582 [INFO] chameleon - PIXEL      MODE=STEALTH ACTION=BLOCKED              CONFIDENCE=0.56
2026-04-03 06:50:32,475 [INFO] httpx - HTTP Request: POST https://api.nansen.ai/api/v1/smart-money/holdings "HTTP/1.1 200 OK"
2026-04-03 06:50:33,347 [INFO] httpx - HTTP Request: POST https://api.nansen.ai/api/v1/smart-money/netflow "HTTP/1.1 200 OK"
2026-04-03 06:50:33,355 [INFO] chameleon - ­¤ī▒ TWEMP    MODE=SLEEP   ACTION=NO ACTION            CONFIDENCE=0.50
2026-04-03 06:50:35,102 [INFO] httpx - HTTP Request: POST https://api.nansen.ai/api/v1/smart-money/holdings "HTTP/1.1 200 OK"
2026-04-03 06:50:36,060 [INFO] httpx - HTTP Request: POST https://api.nansen.ai/api/v1/smart-money/netflow "HTTP/1.1 200 OK"
2026-04-03 06:50:36,063 [INFO] chameleon - ­¤ī▒ GETCLAW  MODE=SLEEP   ACTION=NO ACTION            CONFIDENCE=0.50
2026-04-03 06:50:37,720 [INFO] httpx - HTTP Request: POST https://api.nansen.ai/api/v1/smart-money/holdings "HTTP/1.1 200 OK"
2026-04-03 06:50:38,621 [INFO] httpx - HTTP Request: POST https://api.nansen.ai/api/v1/smart-money/netflow "HTTP/1.1 200 OK"
2026-04-03 06:50:38,630 [INFO] chameleon - ALIENS     MODE=SLEEP   ACTION=NO ACTION            CONFIDENCE=0.50
2026-04-03 06:50:39,531 [INFO] httpx - HTTP Request: POST https://api.nansen.ai/api/v1/smart-money/holdings "HTTP/1.1 200 OK"
2026-04-03 06:50:41,180 [INFO] httpx - HTTP Request: POST https://api.nansen.ai/api/v1/smart-money/netflow "HTTP/1.1 200 OK"
2026-04-03 06:50:41,182 [INFO] chameleon - ­¤ī▒ MOON     MODE=SLEEP   ACTION=NO ACTION            CONFIDENCE=0.50
2026-04-03 06:50:42,105 [INFO] httpx - HTTP Request: POST https://api.nansen.ai/api/v1/smart-money/holdings "HTTP/1.1 200 OK"
2026-04-03 06:50:43,064 [INFO] httpx - HTTP Request: POST https://api.nansen.ai/api/v1/smart-money/netflow "HTTP/1.1 200 OK"
2026-04-03 06:50:43,065 [INFO] chameleon - LOLA       MODE=SLEEP   ACTION=NO ACTION            CONFIDENCE=0.50
2026-04-03 06:50:44,059 [INFO] httpx - HTTP Request: POST https://api.nansen.ai/api/v1/smart-money/holdings "HTTP/1.1 200 OK"
2026-04-03 06:50:45,341 [INFO] httpx - HTTP Request: POST https://api.nansen.ai/api/v1/smart-money/netflow "HTTP/1.1 200 OK"
2026-04-03 06:50:45,343 [INFO] chameleon - PUMPCADE   MODE=SLEEP   ACTION=NO ACTION            CONFIDENCE=0.50
2026-04-03 06:50:45,345 [INFO] chameleon - Cycle complete. Sleeping 600s.
2026-04-03 06:57:25,692 [ERROR] nansen_client - NANSEN_API_KEY is not set
2026-04-03 06:57:25,694 [INFO] chameleon - TOKEN=So11111111111111111111111111111111111111112 MODE=SLEEP   ACTION=NO ACTION CONFIDENCE=0.00
2026-04-03 06:57:25,695 [ERROR] nansen_client - NANSEN_API_KEY is not set
2026-04-03 06:57:25,696 [INFO] chameleon - TOKEN=JUPyiwrYJFskUPiHa7hkeR8VUtAeFoSYbKedZNsDvCN MODE=SLEEP   ACTION=NO ACTION CONFIDENCE=0.00
2026-04-03 06:57:25,697 [ERROR] nansen_client - NANSEN_API_KEY is not set
2026-04-03 06:57:25,698 [INFO] chameleon - TOKEN=DezXAZ8z7PnrnRJjz3wXBoRgixCa6xjnB7YaB1pPB263 MODE=SLEEP   ACTION=NO ACTION CONFIDENCE=0.00
2026-04-03 06:57:25,699 [INFO] chameleon - Cycle complete. Sleeping 600s.
2026-04-03 06:58:47,810 [INFO] chameleon - Scanning top tokens from Nansen...
2026-04-03 06:58:48,437 [INFO] httpx - HTTP Request: POST https://api.nansen.ai/api/v1/smart-money/netflow "HTTP/1.1 401 Unauthorized"
2026-04-03 06:58:48,440 [ERROR] scanner - scan error 401: {"message":"Invalid API key. Get your key at https://app.nansen.ai/api"}
2026-04-03 06:58:48,444 [INFO] chameleon - Watchlist size: 0 tokens
2026-04-03 06:58:48,445 [INFO] chameleon - No tokens to analyze this cycle.
2026-04-03 06:58:48,446 [INFO] chameleon - Cycle complete. Sleeping 600s.
2026-04-03 07:04:49,234 [INFO] chameleon - ============================================================
2026-04-03 07:04:49,235 [INFO] chameleon - CHAMELEON BOT - starting (USE_MOCK=False, CYCLE=600s)
2026-04-03 07:04:49,235 [INFO] chameleon - This is not a trading bot.
2026-04-03 07:04:49,236 [INFO] chameleon - This is a market-state interpreter powered by Smart Money.
2026-04-03 07:04:49,236 [INFO] chameleon - ============================================================
2026-04-03 07:04:49,242 [INFO] chameleon - Scanning top tokens from Nansen...
2026-04-03 07:04:50,455 [INFO] httpx - HTTP Request: POST https://api.nansen.ai/api/v1/smart-money/netflow "HTTP/1.1 200 OK"
2026-04-03 07:04:50,456 [INFO] scanner - Scanned 5 tokens from Nansen (netflow 1h DESC)
2026-04-03 07:04:50,457 [INFO] scanner - Top token: SPONG | 1h netflow=$+1097 | traders=1 | score=0.314
2026-04-03 07:04:50,458 [INFO] chameleon - Watchlist size: 5 tokens
2026-04-03 07:04:51,580 [INFO] httpx - HTTP Request: POST https://api.nansen.ai/api/v1/smart-money/holdings "HTTP/1.1 200 OK"
2026-04-03 07:04:52,494 [INFO] httpx - HTTP Request: POST https://api.nansen.ai/api/v1/smart-money/netflow "HTTP/1.1 200 OK"
2026-04-03 07:04:52,496 [INFO] chameleon - SPONG      MODE=SLEEP   ACTION=NO ACTION            CONFIDENCE=0.50
2026-04-03 07:04:53,497 [INFO] httpx - HTTP Request: POST https://api.nansen.ai/api/v1/smart-money/holdings "HTTP/1.1 200 OK"
2026-04-03 07:04:54,414 [INFO] httpx - HTTP Request: POST https://api.nansen.ai/api/v1/smart-money/netflow "HTTP/1.1 200 OK"
2026-04-03 07:04:54,416 [INFO] chameleon - WIZARD     MODE=STEALTH ACTION=BLOCKED              CONFIDENCE=0.60
2026-04-03 07:04:55,584 [INFO] httpx - HTTP Request: POST https://api.nansen.ai/api/v1/smart-money/holdings "HTTP/1.1 200 OK"
2026-04-03 07:04:57,015 [INFO] httpx - HTTP Request: POST https://api.nansen.ai/api/v1/smart-money/netflow "HTTP/1.1 200 OK"
2026-04-03 07:04:57,019 [INFO] chameleon - ­¤ī▒ BIP360   MODE=STEALTH ACTION=BLOCKED              CONFIDENCE=0.57
2026-04-03 07:04:58,138 [INFO] httpx - HTTP Request: POST https://api.nansen.ai/api/v1/smart-money/holdings "HTTP/1.1 200 OK"
2026-04-03 07:04:59,050 [INFO] httpx - HTTP Request: POST https://api.nansen.ai/api/v1/smart-money/netflow "HTTP/1.1 200 OK"
2026-04-03 07:04:59,054 [INFO] chameleon - ­¤ī▒ TWEMP    MODE=SLEEP   ACTION=NO ACTION            CONFIDENCE=0.50
2026-04-03 07:05:00,010 [INFO] httpx - HTTP Request: POST https://api.nansen.ai/api/v1/smart-money/holdings "HTTP/1.1 200 OK"
2026-04-03 07:05:00,970 [INFO] httpx - HTTP Request: POST https://api.nansen.ai/api/v1/smart-money/netflow "HTTP/1.1 200 OK"
2026-04-03 07:05:00,972 [INFO] chameleon - PIGEON     MODE=SLEEP   ACTION=NO ACTION            CONFIDENCE=0.50
2026-04-03 07:05:00,974 [INFO] chameleon - Cycle complete. Sleeping 600s.
2026-04-03 07:07:25,700 [ERROR] nansen_client - NANSEN_API_KEY is not set
2026-04-03 07:07:25,705 [INFO] chameleon - TOKEN=So11111111111111111111111111111111111111112 MODE=SLEEP   ACTION=NO ACTION CONFIDENCE=0.00
2026-04-03 07:07:25,705 [ERROR] nansen_client - NANSEN_API_KEY is not set
2026-04-03 07:07:25,706 [INFO] chameleon - TOKEN=JUPyiwrYJFskUPiHa7hkeR8VUtAeFoSYbKedZNsDvCN MODE=SLEEP   ACTION=NO ACTION CONFIDENCE=0.00
2026-04-03 07:07:25,706 [ERROR] nansen_client - NANSEN_API_KEY is not set
2026-04-03 07:07:25,708 [INFO] chameleon - TOKEN=DezXAZ8z7PnrnRJjz3wXBoRgixCa6xjnB7YaB1pPB263 MODE=SLEEP   ACTION=NO ACTION CONFIDENCE=0.00
2026-04-03 07:07:25,708 [INFO] chameleon - Cycle complete. Sleeping 600s.
2026-04-03 07:08:48,447 [INFO] chameleon - Scanning top tokens from Nansen...
2026-04-03 07:08:49,064 [INFO] httpx - HTTP Request: POST https://api.nansen.ai/api/v1/smart-money/netflow "HTTP/1.1 401 Unauthorized"
2026-04-03 07:08:49,065 [ERROR] scanner - scan error 401: {"message":"Invalid API key. Get your key at https://app.nansen.ai/api"}
2026-04-03 07:08:49,066 [INFO] chameleon - Watchlist size: 0 tokens
2026-04-03 07:08:49,066 [INFO] chameleon - No tokens to analyze this cycle.
2026-04-03 07:08:49,067 [INFO] chameleon - Cycle complete. Sleeping 600s.
2026-04-03 07:14:28,383 [INFO] chameleon - ============================================================
2026-04-03 07:14:28,383 [INFO] chameleon - CHAMELEON BOT - starting (USE_MOCK=False, CYCLE=600s)
2026-04-03 07:14:28,384 [INFO] chameleon - This is not a trading bot.
2026-04-03 07:14:28,384 [INFO] chameleon - This is a market-state interpreter powered by Smart Money.
2026-04-03 07:14:28,384 [INFO] chameleon - ============================================================
2026-04-03 07:14:28,391 [INFO] chameleon - Scanning top tokens from Nansen...
2026-04-03 07:14:29,519 [INFO] httpx - HTTP Request: POST https://api.nansen.ai/api/v1/smart-money/netflow "HTTP/1.1 200 OK"
2026-04-03 07:14:29,521 [INFO] scanner - Scanned 5 tokens from Nansen (netflow 1h DESC)
2026-04-03 07:14:29,521 [INFO] scanner - Top token: SPONG | 1h netflow=$+1098 | traders=1 | score=0.314
2026-04-03 07:14:29,524 [INFO] chameleon - Watchlist size: 5 tokens
2026-04-03 07:14:30,552 [INFO] httpx - HTTP Request: POST https://api.nansen.ai/api/v1/smart-money/holdings "HTTP/1.1 200 OK"
2026-04-03 07:14:31,521 [INFO] httpx - HTTP Request: POST https://api.nansen.ai/api/v1/smart-money/netflow "HTTP/1.1 200 OK"
2026-04-03 07:14:31,523 [INFO] chameleon - SPONG      MODE=SLEEP   ACTION=NO ACTION            CONFIDENCE=0.50
2026-04-03 07:14:32,442 [INFO] httpx - HTTP Request: POST https://api.nansen.ai/api/v1/smart-money/holdings "HTTP/1.1 200 OK"
2026-04-03 07:14:33,445 [INFO] httpx - HTTP Request: POST https://api.nansen.ai/api/v1/smart-money/netflow "HTTP/1.1 200 OK"
2026-04-03 07:14:33,447 [INFO] chameleon - WIZARD     MODE=STEALTH ACTION=BLOCKED              CONFIDENCE=0.60
2026-04-03 07:14:34,355 [INFO] httpx - HTTP Request: POST https://api.nansen.ai/api/v1/smart-money/holdings "HTTP/1.1 200 OK"
2026-04-03 07:14:35,438 [INFO] httpx - HTTP Request: POST https://api.nansen.ai/api/v1/smart-money/netflow "HTTP/1.1 200 OK"
2026-04-03 07:14:35,439 [INFO] executor - [PAPER] BUY EEXB4PETQL42SbnaqemwV1kiUbhHCw6rPYFpTX7fpump 0.0200 SOL - execution disabled
2026-04-03 07:14:35,439 [INFO] risk_manager - Position opened: EEXB4PETQL42SbnaqemwV1kiUbhHCw6rPYFpTX7fpump @ 0.000000, size 0.0200 SOL
2026-04-03 07:14:35,441 [INFO] chameleon - ­¤ī▒ BIP360   MODE=STEALTH ACTION=BUY                  CONFIDENCE=0.57
2026-04-03 07:14:36,517 [INFO] httpx - HTTP Request: POST https://api.nansen.ai/api/v1/smart-money/holdings "HTTP/1.1 200 OK"
2026-04-03 07:14:37,419 [INFO] httpx - HTTP Request: POST https://api.nansen.ai/api/v1/smart-money/netflow "HTTP/1.1 200 OK"
2026-04-03 07:14:37,427 [INFO] chameleon - ­¤ī▒ TWEMP    MODE=SLEEP   ACTION=NO ACTION            CONFIDENCE=0.50
2026-04-03 07:14:38,382 [INFO] httpx - HTTP Request: POST https://api.nansen.ai/api/v1/smart-money/holdings "HTTP/1.1 200 OK"
2026-04-03 07:14:39,250 [INFO] httpx - HTTP Request: POST https://api.nansen.ai/api/v1/smart-money/netflow "HTTP/1.1 200 OK"
2026-04-03 07:14:39,258 [INFO] chameleon - OIL        MODE=SLEEP   ACTION=NO ACTION            CONFIDENCE=0.50
2026-04-03 07:14:39,262 [INFO] chameleon - Cycle complete. Sleeping 600s.
2026-04-03 07:17:25,710 [ERROR] nansen_client - NANSEN_API_KEY is not set
2026-04-03 07:17:25,714 [INFO] chameleon - TOKEN=So11111111111111111111111111111111111111112 MODE=SLEEP   ACTION=NO ACTION CONFIDENCE=0.00
2026-04-03 07:17:25,715 [ERROR] nansen_client - NANSEN_API_KEY is not set
2026-04-03 07:17:25,715 [INFO] chameleon - TOKEN=JUPyiwrYJFskUPiHa7hkeR8VUtAeFoSYbKedZNsDvCN MODE=SLEEP   ACTION=NO ACTION CONFIDENCE=0.00
2026-04-03 07:17:25,716 [ERROR] nansen_client - NANSEN_API_KEY is not set
2026-04-03 07:17:25,717 [INFO] chameleon - TOKEN=DezXAZ8z7PnrnRJjz3wXBoRgixCa6xjnB7YaB1pPB263 MODE=SLEEP   ACTION=NO ACTION CONFIDENCE=0.00
2026-04-03 07:17:25,717 [INFO] chameleon - Cycle complete. Sleeping 600s.
2026-04-03 07:18:49,067 [INFO] chameleon - Scanning top tokens from Nansen...
2026-04-03 07:18:49,703 [INFO] httpx - HTTP Request: POST https://api.nansen.ai/api/v1/smart-money/netflow "HTTP/1.1 401 Unauthorized"
2026-04-03 07:18:49,706 [ERROR] scanner - scan error 401: {"message":"Invalid API key. Get your key at https://app.nansen.ai/api"}
2026-04-03 07:18:49,710 [INFO] chameleon - Watchlist size: 0 tokens
2026-04-03 07:18:49,712 [INFO] chameleon - No tokens to analyze this cycle.
2026-04-03 07:18:49,713 [INFO] chameleon - Cycle complete. Sleeping 600s.
2026-04-03 07:24:39,263 [INFO] chameleon - Scanning top tokens from Nansen...
2026-04-03 07:24:40,373 [INFO] httpx - HTTP Request: POST https://api.nansen.ai/api/v1/smart-money/netflow "HTTP/1.1 200 OK"
2026-04-03 07:24:40,377 [INFO] scanner - Scanned 5 tokens from Nansen (netflow 1h DESC)
2026-04-03 07:24:40,378 [INFO] scanner - Top token: SPONG | 1h netflow=$+1099 | traders=1 | score=0.314
2026-04-03 07:24:40,380 [INFO] chameleon - Watchlist size: 6 tokens
2026-04-03 07:24:41,994 [INFO] httpx - HTTP Request: POST https://api.nansen.ai/api/v1/smart-money/holdings "HTTP/1.1 200 OK"
2026-04-03 07:24:42,932 [INFO] httpx - HTTP Request: POST https://api.nansen.ai/api/v1/smart-money/netflow "HTTP/1.1 200 OK"
2026-04-03 07:24:42,940 [INFO] chameleon - SPONG      MODE=STEALTH ACTION=BLOCKED              CONFIDENCE=0.57
2026-04-03 07:24:44,075 [INFO] httpx - HTTP Request: POST https://api.nansen.ai/api/v1/smart-money/holdings "HTTP/1.1 200 OK"
2026-04-03 07:24:45,298 [INFO] httpx - HTTP Request: POST https://api.nansen.ai/api/v1/smart-money/netflow "HTTP/1.1 200 OK"
2026-04-03 07:24:45,301 [INFO] chameleon - WIZARD     MODE=STEALTH ACTION=BLOCKED              CONFIDENCE=0.60
2026-04-03 07:24:46,240 [INFO] httpx - HTTP Request: POST https://api.nansen.ai/api/v1/smart-money/holdings "HTTP/1.1 200 OK"
2026-04-03 07:24:47,126 [INFO] httpx - HTTP Request: POST https://api.nansen.ai/api/v1/smart-money/netflow "HTTP/1.1 200 OK"
2026-04-03 07:24:47,134 [INFO] chameleon - ­¤ī▒ BIP360   MODE=STEALTH ACTION=BLOCKED              CONFIDENCE=0.57
2026-04-03 07:24:48,178 [INFO] httpx - HTTP Request: POST https://api.nansen.ai/api/v1/smart-money/holdings "HTTP/1.1 200 OK"
2026-04-03 07:24:49,493 [INFO] httpx - HTTP Request: POST https://api.nansen.ai/api/v1/smart-money/netflow "HTTP/1.1 200 OK"
2026-04-03 07:24:49,496 [INFO] chameleon - ­¤ī▒ TWEMP    MODE=SLEEP   ACTION=NO ACTION            CONFIDENCE=0.50
2026-04-03 07:24:51,282 [INFO] httpx - HTTP Request: POST https://api.nansen.ai/api/v1/smart-money/holdings "HTTP/1.1 200 OK"
2026-04-03 07:24:52,371 [INFO] httpx - HTTP Request: POST https://api.nansen.ai/api/v1/smart-money/netflow "HTTP/1.1 200 OK"
2026-04-03 07:24:52,375 [INFO] chameleon - OIL        MODE=SLEEP   ACTION=NO ACTION            CONFIDENCE=0.50
2026-04-03 07:24:53,930 [INFO] httpx - HTTP Request: POST https://api.nansen.ai/api/v1/smart-money/holdings "HTTP/1.1 200 OK"
2026-04-03 07:24:54,844 [INFO] httpx - HTTP Request: POST https://api.nansen.ai/api/v1/smart-money/netflow "HTTP/1.1 200 OK"
2026-04-03 07:24:54,846 [INFO] chameleon - PIGEON     MODE=SLEEP   ACTION=NO ACTION            CONFIDENCE=0.50
2026-04-03 07:24:54,851 [INFO] chameleon - Cycle complete. Sleeping 600s.
2026-04-03 07:27:25,718 [ERROR] nansen_client - NANSEN_API_KEY is not set
2026-04-03 07:27:25,720 [INFO] chameleon - TOKEN=So11111111111111111111111111111111111111112 MODE=SLEEP   ACTION=NO ACTION CONFIDENCE=0.00
2026-04-03 07:27:25,720 [ERROR] nansen_client - NANSEN_API_KEY is not set
2026-04-03 07:27:25,722 [INFO] chameleon - TOKEN=JUPyiwrYJFskUPiHa7hkeR8VUtAeFoSYbKedZNsDvCN MODE=SLEEP   ACTION=NO ACTION CONFIDENCE=0.00
2026-04-03 07:27:25,722 [ERROR] nansen_client - NANSEN_API_KEY is not set
2026-04-03 07:27:25,725 [INFO] chameleon - TOKEN=DezXAZ8z7PnrnRJjz3wXBoRgixCa6xjnB7YaB1pPB263 MODE=SLEEP   ACTION=NO ACTION CONFIDENCE=0.00
2026-04-03 07:27:25,725 [INFO] chameleon - Cycle complete. Sleeping 600s.
2026-04-03 07:28:49,715 [INFO] chameleon - Scanning top tokens from Nansen...
2026-04-03 07:28:50,317 [INFO] httpx - HTTP Request: POST https://api.nansen.ai/api/v1/smart-money/netflow "HTTP/1.1 401 Unauthorized"
2026-04-03 07:28:50,317 [ERROR] scanner - scan error 401: {"message":"Invalid API key. Get your key at https://app.nansen.ai/api"}
2026-04-03 07:28:50,318 [INFO] chameleon - Watchlist size: 0 tokens
2026-04-03 07:28:50,319 [INFO] chameleon - No tokens to analyze this cycle.
2026-04-03 07:28:50,319 [INFO] chameleon - Cycle complete. Sleeping 600s.
2026-04-03 07:37:25,726 [ERROR] nansen_client - NANSEN_API_KEY is not set
2026-04-03 07:37:25,732 [INFO] chameleon - TOKEN=So11111111111111111111111111111111111111112 MODE=SLEEP   ACTION=NO ACTION CONFIDENCE=0.00
2026-04-03 07:37:25,733 [ERROR] nansen_client - NANSEN_API_KEY is not set
2026-04-03 07:37:25,734 [INFO] chameleon - TOKEN=JUPyiwrYJFskUPiHa7hkeR8VUtAeFoSYbKedZNsDvCN MODE=SLEEP   ACTION=NO ACTION CONFIDENCE=0.00
2026-04-03 07:37:25,734 [ERROR] nansen_client - NANSEN_API_KEY is not set
2026-04-03 07:37:25,735 [INFO] chameleon - TOKEN=DezXAZ8z7PnrnRJjz3wXBoRgixCa6xjnB7YaB1pPB263 MODE=SLEEP   ACTION=NO ACTION CONFIDENCE=0.00
2026-04-03 07:37:25,735 [INFO] chameleon - Cycle complete. Sleeping 600s.
2026-04-03 07:38:50,320 [INFO] chameleon - Scanning top tokens from Nansen...
2026-04-03 07:38:50,967 [INFO] httpx - HTTP Request: POST https://api.nansen.ai/api/v1/smart-money/netflow "HTTP/1.1 401 Unauthorized"
2026-04-03 07:38:50,967 [ERROR] scanner - scan error 401: {"message":"Invalid API key. Get your key at https://app.nansen.ai/api"}
2026-04-03 07:38:50,968 [INFO] chameleon - Watchlist size: 0 tokens
2026-04-03 07:38:50,968 [INFO] chameleon - No tokens to analyze this cycle.
2026-04-03 07:38:50,969 [INFO] chameleon - Cycle complete. Sleeping 600s.
2026-04-03 07:47:25,736 [ERROR] nansen_client - NANSEN_API_KEY is not set
2026-04-03 07:47:25,738 [INFO] chameleon - TOKEN=So11111111111111111111111111111111111111112 MODE=SLEEP   ACTION=NO ACTION CONFIDENCE=0.00
2026-04-03 07:47:25,738 [ERROR] nansen_client - NANSEN_API_KEY is not set
2026-04-03 07:47:25,740 [INFO] chameleon - TOKEN=JUPyiwrYJFskUPiHa7hkeR8VUtAeFoSYbKedZNsDvCN MODE=SLEEP   ACTION=NO ACTION CONFIDENCE=0.00
2026-04-03 07:47:25,740 [ERROR] nansen_client - NANSEN_API_KEY is not set
2026-04-03 07:47:25,742 [INFO] chameleon - TOKEN=DezXAZ8z7PnrnRJjz3wXBoRgixCa6xjnB7YaB1pPB263 MODE=SLEEP   ACTION=NO ACTION CONFIDENCE=0.00
2026-04-03 07:47:25,742 [INFO] chameleon - Cycle complete. Sleeping 600s.
2026-04-03 07:48:50,969 [INFO] chameleon - Scanning top tokens from Nansen...
2026-04-03 07:48:51,609 [INFO] httpx - HTTP Request: POST https://api.nansen.ai/api/v1/smart-money/netflow "HTTP/1.1 401 Unauthorized"
2026-04-03 07:48:51,610 [ERROR] scanner - scan error 401: {"message":"Invalid API key. Get your key at https://app.nansen.ai/api"}
2026-04-03 07:48:51,611 [INFO] chameleon - Watchlist size: 0 tokens
2026-04-03 07:48:51,611 [INFO] chameleon - No tokens to analyze this cycle.
2026-04-03 07:48:51,611 [INFO] chameleon - Cycle complete. Sleeping 600s.
