2026-04-03 01:38:57,012 [INFO] executor - [PAPER] BUY SHADOW9 0.0200 SOL - execution disabled
2026-04-03 01:38:57,012 [INFO] risk_manager - Position opened: SHADOW9 @ 0.004120, size 0.0200 SOL
2026-04-03 01:38:57,013 [INFO] demo_run - Logged üĘ 20260402T163857012956_SHADOW9_STEALTH.json
2026-04-03 01:38:57,013 [INFO] executor - [PAPER] SELL SHADOW9 0.0200 SOL - execution disabled
2026-04-03 01:38:57,014 [INFO] demo_run - Logged üĘ 20260402T163857014176_SHADOW9_ESCAPE.json
2026-04-03 01:38:57,014 [INFO] executor - [PAPER] BUY ROCKETFI 0.0200 SOL - execution disabled
2026-04-03 01:38:57,015 [INFO] risk_manager - Position opened: ROCKETFI @ 0.089100, size 0.0200 SOL
2026-04-03 01:38:57,016 [INFO] demo_run - Logged üĘ 20260402T163857015066_ROCKETFI_CHASE.json
2026-04-03 01:38:57,017 [INFO] demo_run - Logged üĘ 20260402T163857016675_FLATLINE_SLEEP.json
2026-04-03 01:38:57,017 [INFO] executor - [PAPER] SELL ROCKETFI 0.0200 SOL - execution disabled
2026-04-03 01:38:57,017 [INFO] demo_run - Logged üĘ 20260402T163857017449_ROCKETFI_ESCAPE.json
2026-04-03 01:38:57,018 [INFO] executor - [PAPER] BUY SHADOW9 0.0200 SOL - execution disabled
2026-04-03 01:38:57,018 [INFO] risk_manager - Position opened: SHADOW9 @ 0.004120, size 0.0200 SOL
2026-04-03 01:38:57,019 [INFO] demo_run - Logged üĘ 20260402T163857018328_SHADOW9_STEALTH.json
2026-04-03 01:38:57,020 [INFO] demo_run - Logged üĘ 20260402T163857019786_ROCKETFI_CHASE.json
2026-04-03 01:38:57,021 [INFO] demo_run - Logged üĘ 20260402T163857020519_FLATLINE_SLEEP.json
2026-04-03 01:38:57,022 [INFO] executor - [PAPER] SELL SHADOW9 0.0200 SOL - execution disabled
2026-04-03 01:38:57,022 [INFO] demo_run - Logged üĘ 20260402T163857022199_SHADOW9_ESCAPE.json
2026-04-03 01:38:57,023 [INFO] demo_run - Logged üĘ 20260402T163857022861_FLATLINE_SLEEP.json
2026-04-03 01:40:45,795 [INFO] executor - [PAPER] BUY SHADOW9 0.0200 SOL - execution disabled
2026-04-03 01:40:45,795 [INFO] risk_manager - Position opened: SHADOW9 @ 0.004120, size 0.0200 SOL
2026-04-03 01:40:45,795 [INFO] demo_run - Logged üĘ 20260402T164045795516_SHADOW9_STEALTH.json
2026-04-03 01:40:45,796 [INFO] executor - [PAPER] SELL SHADOW9 0.0200 SOL - execution disabled
2026-04-03 01:40:45,797 [INFO] demo_run - Logged üĘ 20260402T164045796625_SHADOW9_ESCAPE.json
2026-04-03 01:40:45,797 [INFO] executor - [PAPER] BUY ROCKETFI 0.0200 SOL - execution disabled
2026-04-03 01:40:45,797 [INFO] risk_manager - Position opened: ROCKETFI @ 0.089100, size 0.0200 SOL
2026-04-03 01:40:45,799 [INFO] demo_run - Logged üĘ 20260402T164045797546_ROCKETFI_CHASE.json
2026-04-03 01:40:45,800 [INFO] demo_run - Logged üĘ 20260402T164045800239_FLATLINE_SLEEP.json
2026-04-03 01:40:45,800 [INFO] executor - [PAPER] SELL ROCKETFI 0.0200 SOL - execution disabled
2026-04-03 01:40:45,801 [INFO] demo_run - Logged üĘ 20260402T164045801033_ROCKETFI_ESCAPE.json
2026-04-03 01:40:45,801 [INFO] executor - [PAPER] BUY SHADOW9 0.0200 SOL - execution disabled
2026-04-03 01:40:45,801 [INFO] risk_manager - Position opened: SHADOW9 @ 0.004120, size 0.0200 SOL
2026-04-03 01:40:45,802 [INFO] demo_run - Logged üĘ 20260402T164045801866_SHADOW9_STEALTH.json
2026-04-03 01:40:45,803 [INFO] demo_run - Logged üĘ 20260402T164045803080_ROCKETFI_CHASE.json
2026-04-03 01:40:45,805 [INFO] demo_run - Logged üĘ 20260402T164045804439_FLATLINE_SLEEP.json
2026-04-03 01:40:45,805 [INFO] executor - [PAPER] SELL SHADOW9 0.0200 SOL - execution disabled
2026-04-03 01:40:45,807 [INFO] demo_run - Logged üĘ 20260402T164045805761_SHADOW9_ESCAPE.json
2026-04-03 01:40:45,807 [INFO] demo_run - Logged üĘ 20260402T164045807412_FLATLINE_SLEEP.json
2026-04-03 02:13:54,587 [INFO] demo_run - Logged üĘ 20260402T171354587100_SHADOW9_STEALTH.json
2026-04-03 02:13:54,588 [INFO] demo_run - Logged üĘ 20260402T171354588436_SHADOW9_ESCAPE.json
2026-04-03 02:13:54,590 [INFO] demo_run - Logged üĘ 20260402T171354589536_ROCKETFI_CHASE.json
2026-04-03 02:13:54,590 [INFO] demo_run - Logged üĘ 20260402T171354590416_FLATLINE_SLEEP.json
2026-04-03 02:13:54,591 [INFO] demo_run - Logged üĘ 20260402T171354591148_ROCKETFI_ESCAPE.json
2026-04-03 02:13:54,592 [INFO] demo_run - Logged üĘ 20260402T171354592056_SHADOW9_STEALTH.json
2026-04-03 02:13:54,593 [INFO] demo_run - Logged üĘ 20260402T171354592757_ROCKETFI_CHASE.json
2026-04-03 02:13:54,593 [INFO] demo_run - Logged üĘ 20260402T171354593481_FLATLINE_SLEEP.json
2026-04-03 02:13:54,594 [INFO] demo_run - Logged üĘ 20260402T171354594164_SHADOW9_ESCAPE.json
2026-04-03 02:13:54,671 [INFO] demo_run - Logged üĘ 20260402T171354594889_FLATLINE_SLEEP.json
2026-04-03 02:30:33,681 [INFO] executor - [PAPER] BUY SHADOW9 0.0200 SOL - execution disabled
2026-04-03 02:30:33,682 [INFO] risk_manager - Position opened: SHADOW9 @ 0.000000, size 0.0200 SOL
2026-04-03 02:30:33,683 [INFO] demo_run - Logged üĘ 20260402T173033682492_SHADOW9_STEALTH.json
2026-04-03 02:30:33,690 [INFO] executor - [PAPER] SELL SHADOW9 0.0200 SOL - execution disabled
2026-04-03 02:30:33,692 [INFO] demo_run - Logged üĘ 20260402T173033691130_SHADOW9_ESCAPE.json
2026-04-03 02:30:33,698 [INFO] executor - [PAPER] BUY ROCKETFI 0.0200 SOL - execution disabled
2026-04-03 02:30:33,698 [INFO] risk_manager - Position opened: ROCKETFI @ 0.000000, size 0.0200 SOL
2026-04-03 02:30:33,699 [INFO] demo_run - Logged üĘ 20260402T173033698735_ROCKETFI_CHASE.json
2026-04-03 02:30:33,707 [INFO] demo_run - Logged üĘ 20260402T173033706156_FLATLINE_SLEEP.json
2026-04-03 02:30:33,707 [INFO] executor - [PAPER] SELL ROCKETFI 0.0200 SOL - execution disabled
2026-04-03 02:30:33,708 [INFO] demo_run - Logged üĘ 20260402T173033707732_ROCKETFI_ESCAPE.json
2026-04-03 02:30:33,708 [INFO] executor - [PAPER] BUY SHADOW9 0.0200 SOL - execution disabled
2026-04-03 02:30:33,709 [INFO] risk_manager - Position opened: SHADOW9 @ 0.000000, size 0.0200 SOL
2026-04-03 02:30:33,709 [INFO] demo_run - Logged üĘ 20260402T173033709255_SHADOW9_STEALTH.json
2026-04-03 02:30:33,710 [INFO] demo_run - Logged üĘ 20260402T173033710089_ROCKETFI_CHASE.json
2026-04-03 02:30:33,711 [INFO] demo_run - Logged üĘ 20260402T173033710904_FLATLINE_SLEEP.json
2026-04-03 02:30:33,712 [INFO] executor - [PAPER] SELL SHADOW9 0.0200 SOL - execution disabled
2026-04-03 02:30:33,712 [INFO] demo_run - Logged üĘ 20260402T173033712226_SHADOW9_ESCAPE.json
2026-04-03 02:30:33,713 [INFO] demo_run - Logged üĘ 20260402T173033713028_FLATLINE_SLEEP.json
